<?xml version="1.0" encoding="UTF-8"?>
<coverage generated="1488589261716" clover="3.2.0">
  <project timestamp="1488589261716" name="All files">
    <metrics statements="323" coveredstatements="71" conditionals="96" coveredconditionals="22" methods="104" coveredmethods="12" elements="523" coveredelements="105" complexity="0" loc="323" ncloc="323" packages="7" files="27" classes="27">
      <package name="__testConfig__">
        <metrics statements="1" coveredstatements="1" conditionals="0" coveredconditionals="0" methods="0" coveredmethods="0"/>
        <file name="CSSStub.js" path="/Users/J/Desktop/HR/TotemWebApp/__testConfig__/CSSStub.js">
          <metrics statements="1" coveredstatements="1" conditionals="0" coveredconditionals="0" methods="0" coveredmethods="0"/>
          <line num="1" count="1" type="stmt"/>
        </file>
      </package>
      <package name="client.src.components">
        <metrics statements="44" coveredstatements="20" conditionals="18" coveredconditionals="4" methods="14" coveredmethods="1"/>
        <file name="GroundOverlay.js" path="/Users/J/Desktop/HR/TotemWebApp/client/src/components/GroundOverlay.js">
          <metrics statements="44" coveredstatements="20" conditionals="18" coveredconditionals="4" methods="14" coveredmethods="1"/>
          <line num="3" count="1" type="stmt"/>
          <line num="5" count="1" type="stmt"/>
          <line num="7" count="1" type="stmt"/>
          <line num="9" count="1" type="stmt"/>
          <line num="11" count="1" type="stmt"/>
          <line num="13" count="1" type="stmt"/>
          <line num="15" count="1" type="stmt"/>
          <line num="17" count="1" type="stmt"/>
          <line num="19" count="1" type="stmt"/>
          <line num="21" count="1" type="stmt"/>
          <line num="23" count="1" type="stmt"/>
          <line num="25" count="1" type="stmt"/>
          <line num="27" count="1" type="stmt"/>
          <line num="29" count="0" type="stmt"/>
          <line num="31" count="6" type="stmt"/>
          <line num="34" count="1" type="stmt"/>
          <line num="47" count="1" type="stmt"/>
          <line num="49" count="1" type="stmt"/>
          <line num="56" count="1" type="stmt"/>
          <line num="65" count="0" type="stmt"/>
          <line num="69" count="0" type="stmt"/>
          <line num="73" count="0" type="stmt"/>
          <line num="77" count="0" type="stmt"/>
          <line num="81" count="1" type="stmt"/>
          <line num="84" count="0" type="stmt"/>
          <line num="87" count="1" type="stmt"/>
          <line num="104" count="0" type="stmt"/>
          <line num="108" count="0" type="stmt"/>
          <line num="112" count="0" type="stmt"/>
          <line num="114" count="0" type="stmt"/>
          <line num="115" count="0" type="stmt"/>
          <line num="117" count="0" type="stmt"/>
          <line num="119" count="0" type="stmt"/>
          <line num="120" count="0" type="stmt"/>
          <line num="121" count="0" type="stmt"/>
          <line num="124" count="0" type="stmt"/>
          <line num="125" count="0" type="stmt"/>
          <line num="127" count="0" type="stmt"/>
          <line num="128" count="0" type="stmt"/>
          <line num="132" count="0" type="stmt"/>
          <line num="135" count="0" type="stmt"/>
          <line num="136" count="0" type="stmt"/>
          <line num="137" count="0" type="stmt"/>
          <line num="141" count="0" type="stmt"/>
        </file>
      </package>
      <package name="client.src.components.InitConfig">
        <metrics statements="14" coveredstatements="1" conditionals="0" coveredconditionals="0" methods="5" coveredmethods="1"/>
        <file name="InviteFriends.jsx" path="/Users/J/Desktop/HR/TotemWebApp/client/src/components/InitConfig/InviteFriends.jsx">
          <metrics statements="14" coveredstatements="1" conditionals="0" coveredconditionals="0" methods="5" coveredmethods="1"/>
          <line num="12" count="0" type="stmt"/>
          <line num="16" count="0" type="stmt"/>
          <line num="17" count="0" type="stmt"/>
          <line num="18" count="0" type="stmt"/>
          <line num="19" count="0" type="stmt"/>
          <line num="20" count="0" type="stmt"/>
          <line num="21" count="0" type="stmt"/>
          <line num="22" count="0" type="stmt"/>
          <line num="24" count="0" type="stmt"/>
          <line num="26" count="0" type="stmt"/>
          <line num="27" count="0" type="stmt"/>
          <line num="32" count="0" type="stmt"/>
          <line num="40" count="0" type="stmt"/>
          <line num="65" count="1" type="stmt"/>
        </file>
      </package>
      <package name="client.src.components.MapViewer">
        <metrics statements="21" coveredstatements="0" conditionals="4" coveredconditionals="0" methods="11" coveredmethods="0"/>
        <file name="MapViewer.jsx" path="/Users/J/Desktop/HR/TotemWebApp/client/src/components/MapViewer/MapViewer.jsx">
          <metrics statements="13" coveredstatements="0" conditionals="2" coveredconditionals="0" methods="7" coveredmethods="0"/>
          <line num="11" count="0" type="stmt"/>
          <line num="15" count="0" type="stmt"/>
          <line num="16" count="0" type="stmt"/>
          <line num="17" count="0" type="stmt"/>
          <line num="18" count="0" type="stmt"/>
          <line num="23" count="0" type="stmt"/>
          <line num="24" count="0" type="stmt"/>
          <line num="25" count="0" type="stmt"/>
          <line num="39" count="0" type="stmt"/>
          <line num="53" count="0" type="stmt"/>
          <line num="57" count="0" type="stmt"/>
          <line num="58" count="0" type="stmt"/>
          <line num="64" count="0" type="stmt"/>
        </file>
        <file name="Markers.jsx" path="/Users/J/Desktop/HR/TotemWebApp/client/src/components/MapViewer/Markers.jsx">
          <metrics statements="8" coveredstatements="0" conditionals="2" coveredconditionals="0" methods="4" coveredmethods="0"/>
          <line num="9" count="0" type="stmt"/>
          <line num="10" count="0" type="stmt"/>
          <line num="11" count="0" type="stmt"/>
          <line num="14" count="0" type="stmt"/>
          <line num="15" count="0" type="stmt"/>
          <line num="22" count="0" type="stmt"/>
          <line num="28" count="0" type="stmt"/>
          <line num="47" count="0" type="stmt"/>
        </file>
      </package>
      <package name="client.src.redux">
        <metrics statements="1" coveredstatements="1" conditionals="0" coveredconditionals="0" methods="0" coveredmethods="0"/>
        <file name="store.js" path="/Users/J/Desktop/HR/TotemWebApp/client/src/redux/store.js">
          <metrics statements="1" coveredstatements="1" conditionals="0" coveredconditionals="0" methods="0" coveredmethods="0"/>
          <line num="7" count="4" type="stmt"/>
        </file>
      </package>
      <package name="client.src.redux.actions">
        <metrics statements="165" coveredstatements="5" conditionals="28" coveredconditionals="0" methods="65" coveredmethods="1"/>
        <file name="agendaActions.js" path="/Users/J/Desktop/HR/TotemWebApp/client/src/redux/actions/agendaActions.js">
          <metrics statements="11" coveredstatements="0" conditionals="0" coveredconditionals="0" methods="5" coveredmethods="0"/>
          <line num="5" count="0" type="stmt"/>
          <line num="12" count="0" type="stmt"/>
          <line num="19" count="0" type="stmt"/>
          <line num="20" count="0" type="stmt"/>
          <line num="22" count="0" type="stmt"/>
          <line num="23" count="0" type="stmt"/>
          <line num="25" count="0" type="stmt"/>
          <line num="26" count="0" type="stmt"/>
          <line num="27" count="0" type="stmt"/>
          <line num="28" count="0" type="stmt"/>
          <line num="30" count="0" type="stmt"/>
        </file>
        <file name="appActions.js" path="/Users/J/Desktop/HR/TotemWebApp/client/src/redux/actions/appActions.js">
          <metrics statements="6" coveredstatements="0" conditionals="0" coveredconditionals="0" methods="6" coveredmethods="0"/>
          <line num="4" count="0" type="stmt"/>
          <line num="9" count="0" type="stmt"/>
          <line num="15" count="0" type="stmt"/>
          <line num="21" count="0" type="stmt"/>
          <line num="27" count="0" type="stmt"/>
          <line num="33" count="0" type="stmt"/>
        </file>
        <file name="authenticationActions.js" path="/Users/J/Desktop/HR/TotemWebApp/client/src/redux/actions/authenticationActions.js">
          <metrics statements="48" coveredstatements="3" conditionals="6" coveredconditionals="0" methods="16" coveredmethods="0"/>
          <line num="11" count="3" type="stmt"/>
          <line num="13" count="3" type="stmt"/>
          <line num="15" count="3" type="stmt"/>
          <line num="20" count="0" type="stmt"/>
          <line num="30" count="0" type="stmt"/>
          <line num="36" count="0" type="stmt"/>
          <line num="43" count="0" type="stmt"/>
          <line num="44" count="0" type="stmt"/>
          <line num="45" count="0" type="stmt"/>
          <line num="50" count="0" type="stmt"/>
          <line num="52" count="0" type="stmt"/>
          <line num="53" count="0" type="stmt"/>
          <line num="54" count="0" type="stmt"/>
          <line num="55" count="0" type="stmt"/>
          <line num="56" count="0" type="stmt"/>
          <line num="58" count="0" type="stmt"/>
          <line num="59" count="0" type="stmt"/>
          <line num="60" count="0" type="stmt"/>
          <line num="62" count="0" type="stmt"/>
          <line num="63" count="0" type="stmt"/>
          <line num="67" count="0" type="stmt"/>
          <line num="68" count="0" type="stmt"/>
          <line num="69" count="0" type="stmt"/>
          <line num="70" count="0" type="stmt"/>
          <line num="75" count="0" type="stmt"/>
          <line num="76" count="0" type="stmt"/>
          <line num="78" count="0" type="stmt"/>
          <line num="83" count="0" type="stmt"/>
          <line num="84" count="0" type="stmt"/>
          <line num="85" count="0" type="stmt"/>
          <line num="86" count="0" type="stmt"/>
          <line num="88" count="0" type="stmt"/>
          <line num="93" count="0" type="stmt"/>
          <line num="94" count="0" type="stmt"/>
          <line num="95" count="0" type="stmt"/>
          <line num="96" count="0" type="stmt"/>
          <line num="102" count="0" type="stmt"/>
          <line num="103" count="0" type="stmt"/>
          <line num="105" count="0" type="stmt"/>
          <line num="106" count="0" type="stmt"/>
          <line num="108" count="0" type="stmt"/>
          <line num="109" count="0" type="stmt"/>
          <line num="110" count="0" type="stmt"/>
          <line num="111" count="0" type="stmt"/>
          <line num="112" count="0" type="stmt"/>
          <line num="121" count="0" type="stmt"/>
          <line num="122" count="0" type="stmt"/>
          <line num="125" count="0" type="stmt"/>
        </file>
        <file name="chatActions.js" path="/Users/J/Desktop/HR/TotemWebApp/client/src/redux/actions/chatActions.js">
          <metrics statements="8" coveredstatements="0" conditionals="0" coveredconditionals="0" methods="3" coveredmethods="0"/>
          <line num="6" count="0" type="stmt"/>
          <line num="7" count="0" type="stmt"/>
          <line num="9" count="0" type="stmt"/>
          <line num="10" count="0" type="stmt"/>
          <line num="11" count="0" type="stmt"/>
          <line num="13" count="0" type="stmt"/>
          <line num="14" count="0" type="stmt"/>
          <line num="19" count="0" type="stmt"/>
        </file>
        <file name="firebaseActions.js" path="/Users/J/Desktop/HR/TotemWebApp/client/src/redux/actions/firebaseActions.js">
          <metrics statements="10" coveredstatements="0" conditionals="0" coveredconditionals="0" methods="7" coveredmethods="0"/>
          <line num="5" count="0" type="stmt"/>
          <line num="6" count="0" type="stmt"/>
          <line num="7" count="0" type="stmt"/>
          <line num="12" count="0" type="stmt"/>
          <line num="13" count="0" type="stmt"/>
          <line num="15" count="0" type="stmt"/>
          <line num="16" count="0" type="stmt"/>
          <line num="21" count="0" type="stmt"/>
          <line num="25" count="0" type="stmt"/>
          <line num="29" count="0" type="stmt"/>
        </file>
        <file name="groupActions.js" path="/Users/J/Desktop/HR/TotemWebApp/client/src/redux/actions/groupActions.js">
          <metrics statements="11" coveredstatements="0" conditionals="2" coveredconditionals="0" methods="6" coveredmethods="0"/>
          <line num="7" count="0" type="stmt"/>
          <line num="12" count="0" type="stmt"/>
          <line num="13" count="0" type="stmt"/>
          <line num="16" count="0" type="stmt"/>
          <line num="17" count="0" type="stmt"/>
          <line num="21" count="0" type="stmt"/>
          <line num="26" count="0" type="stmt"/>
          <line num="33" count="0" type="stmt"/>
          <line num="40" count="0" type="stmt"/>
          <line num="47" count="0" type="stmt"/>
          <line num="54" count="0" type="stmt"/>
        </file>
        <file name="index.js" path="/Users/J/Desktop/HR/TotemWebApp/client/src/redux/actions/index.js">
          <metrics statements="0" coveredstatements="0" conditionals="0" coveredconditionals="0" methods="0" coveredmethods="0"/>
        </file>
        <file name="locationActions.js" path="/Users/J/Desktop/HR/TotemWebApp/client/src/redux/actions/locationActions.js">
          <metrics statements="22" coveredstatements="0" conditionals="8" coveredconditionals="0" methods="7" coveredmethods="0"/>
          <line num="8" count="0" type="stmt"/>
          <line num="9" count="0" type="stmt"/>
          <line num="16" count="0" type="stmt"/>
          <line num="17" count="0" type="stmt"/>
          <line num="18" count="0" type="stmt"/>
          <line num="19" count="0" type="stmt"/>
          <line num="23" count="0" type="stmt"/>
          <line num="24" count="0" type="stmt"/>
          <line num="29" count="0" type="stmt"/>
          <line num="37" count="0" type="stmt"/>
          <line num="40" count="0" type="stmt"/>
          <line num="46" count="0" type="stmt"/>
          <line num="50" count="0" type="stmt"/>
          <line num="52" count="0" type="stmt"/>
          <line num="53" count="0" type="stmt"/>
          <line num="54" count="0" type="stmt"/>
          <line num="55" count="0" type="stmt"/>
          <line num="56" count="0" type="stmt"/>
          <line num="58" count="0" type="stmt"/>
          <line num="59" count="0" type="stmt"/>
          <line num="62" count="0" type="stmt"/>
          <line num="66" count="0" type="stmt"/>
        </file>
        <file name="sortActions.js" path="/Users/J/Desktop/HR/TotemWebApp/client/src/redux/actions/sortActions.js">
          <metrics statements="17" coveredstatements="1" conditionals="8" coveredconditionals="0" methods="5" coveredmethods="0"/>
          <line num="5" count="0" type="stmt"/>
          <line num="11" count="2" type="stmt"/>
          <line num="13" count="0" type="stmt"/>
          <line num="14" count="0" type="stmt"/>
          <line num="15" count="0" type="stmt"/>
          <line num="19" count="0" type="stmt"/>
          <line num="20" count="0" type="stmt"/>
          <line num="22" count="0" type="stmt"/>
          <line num="23" count="0" type="stmt"/>
          <line num="24" count="0" type="stmt"/>
          <line num="28" count="0" type="stmt"/>
          <line num="29" count="0" type="stmt"/>
          <line num="30" count="0" type="stmt"/>
          <line num="31" count="0" type="stmt"/>
          <line num="32" count="0" type="stmt"/>
          <line num="34" count="0" type="stmt"/>
          <line num="39" count="0" type="stmt"/>
        </file>
        <file name="userActions.js" path="/Users/J/Desktop/HR/TotemWebApp/client/src/redux/actions/userActions.js">
          <metrics statements="4" coveredstatements="1" conditionals="0" coveredconditionals="0" methods="3" coveredmethods="1"/>
          <line num="6" count="1" type="stmt"/>
          <line num="13" count="0" type="stmt"/>
          <line num="18" count="0" type="stmt"/>
          <line num="22" count="0" type="stmt"/>
        </file>
        <file name="venueActions.js" path="/Users/J/Desktop/HR/TotemWebApp/client/src/redux/actions/venueActions.js">
          <metrics statements="3" coveredstatements="0" conditionals="0" coveredconditionals="0" methods="2" coveredmethods="0"/>
          <line num="4" count="0" type="stmt"/>
          <line num="9" count="0" type="stmt"/>
          <line num="13" count="0" type="stmt"/>
        </file>
        <file name="venueScheduleActions.js" path="/Users/J/Desktop/HR/TotemWebApp/client/src/redux/actions/venueScheduleActions.js">
          <metrics statements="25" coveredstatements="0" conditionals="4" coveredconditionals="0" methods="5" coveredmethods="0"/>
          <line num="4" count="0" type="stmt"/>
          <line num="11" count="0" type="stmt"/>
          <line num="18" count="0" type="stmt"/>
          <line num="19" count="0" type="stmt"/>
          <line num="21" count="0" type="stmt"/>
          <line num="22" count="0" type="stmt"/>
          <line num="23" count="0" type="stmt"/>
          <line num="24" count="0" type="stmt"/>
          <line num="27" count="0" type="stmt"/>
          <line num="31" count="0" type="stmt"/>
          <line num="32" count="0" type="stmt"/>
          <line num="33" count="0" type="stmt"/>
          <line num="34" count="0" type="stmt"/>
          <line num="35" count="0" type="stmt"/>
          <line num="38" count="0" type="stmt"/>
          <line num="42" count="0" type="stmt"/>
          <line num="43" count="0" type="stmt"/>
          <line num="45" count="0" type="stmt"/>
          <line num="46" count="0" type="stmt"/>
          <line num="47" count="0" type="stmt"/>
          <line num="48" count="0" type="stmt"/>
          <line num="49" count="0" type="stmt"/>
          <line num="50" count="0" type="stmt"/>
          <line num="51" count="0" type="stmt"/>
          <line num="53" count="0" type="stmt"/>
        </file>
      </package>
      <package name="client.src.redux.reducers">
        <metrics statements="77" coveredstatements="43" conditionals="46" coveredconditionals="18" methods="9" coveredmethods="9"/>
        <file name="appReducer.js" path="/Users/J/Desktop/HR/TotemWebApp/client/src/redux/reducers/appReducer.js">
          <metrics statements="9" coveredstatements="9" conditionals="9" coveredconditionals="9" methods="1" coveredmethods="1"/>
          <line num="1" count="5" type="stmt"/>
          <line num="20" count="20" type="stmt"/>
          <line num="22" count="1" type="stmt"/>
          <line num="25" count="1" type="stmt"/>
          <line num="28" count="2" type="stmt"/>
          <line num="29" count="1" type="stmt"/>
          <line num="32" count="2" type="stmt"/>
          <line num="33" count="1" type="stmt"/>
          <line num="36" count="14" type="stmt"/>
        </file>
        <file name="authenticationReducer.js" path="/Users/J/Desktop/HR/TotemWebApp/client/src/redux/reducers/authenticationReducer.js">
          <metrics statements="7" coveredstatements="3" conditionals="5" coveredconditionals="2" methods="1" coveredmethods="1"/>
          <line num="1" count="4" type="stmt"/>
          <line num="9" count="13" type="stmt"/>
          <line num="11" count="0" type="stmt"/>
          <line num="17" count="0" type="stmt"/>
          <line num="22" count="0" type="stmt"/>
          <line num="23" count="0" type="stmt"/>
          <line num="29" count="13" type="stmt"/>
        </file>
        <file name="chatReducer.js" path="/Users/J/Desktop/HR/TotemWebApp/client/src/redux/reducers/chatReducer.js">
          <metrics statements="4" coveredstatements="3" conditionals="2" coveredconditionals="1" methods="1" coveredmethods="1"/>
          <line num="1" count="4" type="stmt"/>
          <line num="7" count="13" type="stmt"/>
          <line num="9" count="0" type="stmt"/>
          <line num="15" count="13" type="stmt"/>
        </file>
        <file name="groupReducer.js" path="/Users/J/Desktop/HR/TotemWebApp/client/src/redux/reducers/groupReducer.js">
          <metrics statements="28" coveredstatements="17" conditionals="10" coveredconditionals="3" methods="3" coveredmethods="3"/>
          <line num="1" count="4" type="stmt"/>
          <line num="9" count="16" type="stmt"/>
          <line num="11" count="1" type="stmt"/>
          <line num="12" count="1" type="stmt"/>
          <line num="13" count="1" type="stmt"/>
          <line num="19" count="1" type="stmt"/>
          <line num="20" count="1" type="stmt"/>
          <line num="23" count="1" type="stmt"/>
          <line num="24" count="1" type="stmt"/>
          <line num="25" count="1" type="stmt"/>
          <line num="28" count="0" type="stmt"/>
          <line num="31" count="0" type="stmt"/>
          <line num="32" count="0" type="stmt"/>
          <line num="38" count="0" type="stmt"/>
          <line num="41" count="0" type="stmt"/>
          <line num="44" count="0" type="stmt"/>
          <line num="47" count="0" type="stmt"/>
          <line num="50" count="0" type="stmt"/>
          <line num="53" count="14" type="stmt"/>
          <line num="57" count="1" type="stmt"/>
          <line num="58" count="1" type="stmt"/>
          <line num="59" count="0" type="stmt"/>
          <line num="60" count="0" type="stmt"/>
          <line num="62" count="1" type="stmt"/>
          <line num="66" count="1" type="stmt"/>
          <line num="67" count="1" type="stmt"/>
          <line num="68" count="0" type="stmt"/>
          <line num="70" count="1" type="stmt"/>
        </file>
        <file name="index.js" path="/Users/J/Desktop/HR/TotemWebApp/client/src/redux/reducers/index.js">
          <metrics statements="0" coveredstatements="0" conditionals="0" coveredconditionals="0" methods="0" coveredmethods="0"/>
        </file>
        <file name="mock_fb_friend_list.js" path="/Users/J/Desktop/HR/TotemWebApp/client/src/redux/reducers/mock_fb_friend_list.js">
          <metrics statements="1" coveredstatements="1" conditionals="0" coveredconditionals="0" methods="0" coveredmethods="0"/>
          <line num="1" count="4" type="stmt"/>
        </file>
        <file name="userReducer.js" path="/Users/J/Desktop/HR/TotemWebApp/client/src/redux/reducers/userReducer.js">
          <metrics statements="15" coveredstatements="4" conditionals="11" coveredconditionals="1" methods="1" coveredmethods="1"/>
          <line num="1" count="4" type="stmt"/>
          <line num="3" count="4" type="stmt"/>
          <line num="14" count="13" type="stmt"/>
          <line num="16" count="0" type="stmt"/>
          <line num="23" count="0" type="stmt"/>
          <line num="26" count="0" type="stmt"/>
          <line num="29" count="0" type="stmt"/>
          <line num="32" count="0" type="stmt"/>
          <line num="35" count="0" type="stmt"/>
          <line num="36" count="0" type="stmt"/>
          <line num="37" count="0" type="stmt"/>
          <line num="39" count="0" type="stmt"/>
          <line num="40" count="0" type="stmt"/>
          <line num="42" count="0" type="stmt"/>
          <line num="45" count="13" type="stmt"/>
        </file>
        <file name="venueReducer.js" path="/Users/J/Desktop/HR/TotemWebApp/client/src/redux/reducers/venueReducer.js">
          <metrics statements="5" coveredstatements="3" conditionals="3" coveredconditionals="1" methods="1" coveredmethods="1"/>
          <line num="1" count="4" type="stmt"/>
          <line num="8" count="13" type="stmt"/>
          <line num="10" count="0" type="stmt"/>
          <line num="17" count="0" type="stmt"/>
          <line num="24" count="13" type="stmt"/>
        </file>
        <file name="venueScheduleReducer.js" path="/Users/J/Desktop/HR/TotemWebApp/client/src/redux/reducers/venueScheduleReducer.js">
          <metrics statements="8" coveredstatements="3" conditionals="6" coveredconditionals="1" methods="1" coveredmethods="1"/>
          <line num="1" count="4" type="stmt"/>
          <line num="8" count="13" type="stmt"/>
          <line num="10" count="0" type="stmt"/>
          <line num="13" count="0" type="stmt"/>
          <line num="16" count="0" type="stmt"/>
          <line num="19" count="0" type="stmt"/>
          <line num="22" count="0" type="stmt"/>
          <line num="25" count="13" type="stmt"/>
        </file>
      </package>
    </metrics>
  </project>
</coverage>
