{"/Users/Patrick/Desktop/TotemWebApp/client/src/components/VenueSchedule/AgendaRow.jsx": {"path":"/Users/Patrick/Desktop/TotemWebApp/client/src/components/VenueSchedule/AgendaRow.jsx","statementMap":{"0":{"start":{"line":8,"column":14},"end":{"line":8,"column":45}},"1":{"start":{"line":9,"column":13},"end":{"line":9,"column":32}},"2":{"start":{"line":10,"column":2},"end":{"line":25,"column":5}},"3":{"start":{"line":13,"column":22},"end":{"line":13,"column":55}},"4":{"start":{"line":15,"column":4},"end":{"line":23,"column":7}},"5":{"start":{"line":16,"column":21},"end":{"line":16,"column":35}},"6":{"start":{"line":17,"column":6},"end":{"line":17,"column":46}},"7":{"start":{"line":18,"column":6},"end":{"line":18,"column":35}},"8":{"start":{"line":19,"column":6},"end":{"line":19,"column":47}},"9":{"start":{"line":20,"column":6},"end":{"line":20,"column":26}},"10":{"start":{"line":22,"column":6},"end":{"line":22,"column":58}},"11":{"start":{"line":28,"column":18},"end":{"line":43,"column":1}},"12":{"start":{"line":29,"column":2},"end":{"line":42,"column":8}}},"fnMap":{"0":{"name":"removeAgendaItem","decl":{"start":{"line":6,"column":9},"end":{"line":6,"column":25}},"loc":{"start":{"line":6,"column":31},"end":{"line":26,"column":1}}},"1":{"name":"(anonymous_1)","decl":{"start":{"line":11,"column":8},"end":{"line":11,"column":9}},"loc":{"start":{"line":11,"column":18},"end":{"line":25,"column":3}}},"2":{"name":"(anonymous_2)","decl":{"start":{"line":15,"column":26},"end":{"line":15,"column":27}},"loc":{"start":{"line":15,"column":45},"end":{"line":21,"column":5}}},"3":{"name":"(anonymous_3)","decl":{"start":{"line":21,"column":7},"end":{"line":21,"column":8}},"loc":{"start":{"line":21,"column":30},"end":{"line":23,"column":5}}},"4":{"name":"(anonymous_4)","decl":{"start":{"line":28,"column":18},"end":{"line":28,"column":19}},"loc":{"start":{"line":29,"column":2},"end":{"line":42,"column":8}}}},"branchMap":{},"s":{"0":0,"1":0,"2":0,"3":0,"4":0,"5":0,"6":0,"7":0,"8":0,"9":0,"10":0,"11":1,"12":1},"f":{"0":0,"1":0,"2":0,"3":0,"4":1},"b":{},"_coverageSchema":"332fd63041d2c1bcb487cc26dd0d5f7d97098a6c","hash":"7aca91273413162f6114491c28f6b36d957a2bf0"}
,"/Users/Patrick/Desktop/TotemWebApp/client/src/redux/store.js": {"path":"/Users/Patrick/Desktop/TotemWebApp/client/src/redux/store.js","statementMap":{"0":{"start":{"line":7,"column":19},"end":{"line":7,"column":62}}},"fnMap":{},"branchMap":{},"s":{"0":1},"f":{},"b":{},"_coverageSchema":"332fd63041d2c1bcb487cc26dd0d5f7d97098a6c","hash":"c3aba32c521ef824ddddc84f9bb42b34d21c1be2"}
,"/Users/Patrick/Desktop/TotemWebApp/client/src/redux/actions/agendaActions.js": {"path":"/Users/Patrick/Desktop/TotemWebApp/client/src/redux/actions/agendaActions.js","statementMap":{"0":{"start":{"line":5,"column":2},"end":{"line":8,"column":5}},"1":{"start":{"line":12,"column":2},"end":{"line":15,"column":5}},"2":{"start":{"line":19,"column":14},"end":{"line":19,"column":39}},"3":{"start":{"line":20,"column":13},"end":{"line":20,"column":32}},"4":{"start":{"line":22,"column":18},"end":{"line":22,"column":51}},"5":{"start":{"line":23,"column":2},"end":{"line":32,"column":5}},"6":{"start":{"line":25,"column":19},"end":{"line":25,"column":33}},"7":{"start":{"line":26,"column":4},"end":{"line":26,"column":33}},"8":{"start":{"line":27,"column":4},"end":{"line":27,"column":45}},"9":{"start":{"line":28,"column":4},"end":{"line":28,"column":44}},"10":{"start":{"line":29,"column":4},"end":{"line":29,"column":67}},"11":{"start":{"line":31,"column":4},"end":{"line":31,"column":56}}},"fnMap":{"0":{"name":"removeAgenda","decl":{"start":{"line":4,"column":16},"end":{"line":4,"column":28}},"loc":{"start":{"line":4,"column":37},"end":{"line":9,"column":1}}},"1":{"name":"addAgenda","decl":{"start":{"line":11,"column":16},"end":{"line":11,"column":25}},"loc":{"start":{"line":11,"column":34},"end":{"line":16,"column":1}}},"2":{"name":"defaultAgenda","decl":{"start":{"line":18,"column":16},"end":{"line":18,"column":29}},"loc":{"start":{"line":18,"column":32},"end":{"line":33,"column":1}}},"3":{"name":"(anonymous_3)","decl":{"start":{"line":23,"column":24},"end":{"line":23,"column":25}},"loc":{"start":{"line":23,"column":43},"end":{"line":30,"column":3}}},"4":{"name":"(anonymous_4)","decl":{"start":{"line":30,"column":5},"end":{"line":30,"column":6}},"loc":{"start":{"line":30,"column":28},"end":{"line":32,"column":3}}}},"branchMap":{},"s":{"0":0,"1":0,"2":0,"3":0,"4":0,"5":0,"6":0,"7":0,"8":0,"9":0,"10":0,"11":0},"f":{"0":0,"1":0,"2":0,"3":0,"4":0},"b":{},"_coverageSchema":"332fd63041d2c1bcb487cc26dd0d5f7d97098a6c","hash":"89400d726b5ee09ffd4388621d16449220d58310"}
,"/Users/Patrick/Desktop/TotemWebApp/client/src/redux/reducers/appReducer.js": {"path":"/Users/Patrick/Desktop/TotemWebApp/client/src/redux/reducers/appReducer.js","statementMap":{"0":{"start":{"line":1,"column":17},"end":{"line":17,"column":1}},"1":{"start":{"line":20,"column":2},"end":{"line":35,"column":3}},"2":{"start":{"line":22,"column":6},"end":{"line":22,"column":41}},"3":{"start":{"line":25,"column":6},"end":{"line":25,"column":42}},"4":{"start":{"line":28,"column":6},"end":{"line":28,"column":71}},"5":{"start":{"line":28,"column":31},"end":{"line":28,"column":71}},"6":{"start":{"line":29,"column":6},"end":{"line":29,"column":47}},"7":{"start":{"line":32,"column":6},"end":{"line":32,"column":75}},"8":{"start":{"line":32,"column":33},"end":{"line":32,"column":75}},"9":{"start":{"line":33,"column":6},"end":{"line":33,"column":49}},"10":{"start":{"line":36,"column":2},"end":{"line":36,"column":15}}},"fnMap":{"0":{"name":"appReducer","decl":{"start":{"line":19,"column":24},"end":{"line":19,"column":34}},"loc":{"start":{"line":19,"column":61},"end":{"line":37,"column":1}}}},"branchMap":{"0":{"loc":{"start":{"line":19,"column":35},"end":{"line":19,"column":51}},"type":"default-arg","locations":[{"start":{"line":19,"column":43},"end":{"line":19,"column":51}}]},"1":{"loc":{"start":{"line":20,"column":2},"end":{"line":35,"column":3}},"type":"switch","locations":[{"start":{"line":21,"column":4},"end":{"line":23,"column":5}},{"start":{"line":24,"column":4},"end":{"line":26,"column":5}},{"start":{"line":27,"column":4},"end":{"line":30,"column":5}},{"start":{"line":31,"column":4},"end":{"line":34,"column":5}}]},"2":{"loc":{"start":{"line":28,"column":6},"end":{"line":28,"column":71}},"type":"if","locations":[{"start":{"line":28,"column":6},"end":{"line":28,"column":71}},{"start":{"line":28,"column":6},"end":{"line":28,"column":71}}]},"3":{"loc":{"start":{"line":32,"column":6},"end":{"line":32,"column":75}},"type":"if","locations":[{"start":{"line":32,"column":6},"end":{"line":32,"column":75}},{"start":{"line":32,"column":6},"end":{"line":32,"column":75}}]}},"s":{"0":2,"1":10,"2":1,"3":1,"4":2,"5":1,"6":1,"7":2,"8":1,"9":1,"10":4},"f":{"0":10},"b":{"0":[8],"1":[1,1,2,2],"2":[1,1],"3":[1,1]},"_coverageSchema":"332fd63041d2c1bcb487cc26dd0d5f7d97098a6c","hash":"b9a5f3334755fdd81065b62591f9adf165a43295"}
,"/Users/Patrick/Desktop/TotemWebApp/client/src/redux/reducers/authenticationReducer.js": {"path":"/Users/Patrick/Desktop/TotemWebApp/client/src/redux/reducers/authenticationReducer.js","statementMap":{"0":{"start":{"line":1,"column":17},"end":{"line":7,"column":1}},"1":{"start":{"line":10,"column":2},"end":{"line":33,"column":3}},"2":{"start":{"line":12,"column":22},"end":{"line":12,"column":40}},"3":{"start":{"line":13,"column":6},"end":{"line":18,"column":8}},"4":{"start":{"line":20,"column":6},"end":{"line":23,"column":8}},"5":{"start":{"line":25,"column":31},"end":{"line":25,"column":37}},"6":{"start":{"line":26,"column":6},"end":{"line":30,"column":8}},"7":{"start":{"line":32,"column":6},"end":{"line":32,"column":19}}},"fnMap":{"0":{"name":"auth","decl":{"start":{"line":9,"column":24},"end":{"line":9,"column":28}},"loc":{"start":{"line":9,"column":55},"end":{"line":34,"column":1}}}},"branchMap":{"0":{"loc":{"start":{"line":9,"column":29},"end":{"line":9,"column":45}},"type":"default-arg","locations":[{"start":{"line":9,"column":37},"end":{"line":9,"column":45}}]},"1":{"loc":{"start":{"line":10,"column":2},"end":{"line":33,"column":3}},"type":"switch","locations":[{"start":{"line":11,"column":4},"end":{"line":18,"column":8}},{"start":{"line":19,"column":4},"end":{"line":23,"column":8}},{"start":{"line":24,"column":4},"end":{"line":30,"column":8}},{"start":{"line":31,"column":4},"end":{"line":32,"column":19}}]}},"s":{"0":2,"1":4,"2":0,"3":0,"4":0,"5":0,"6":0,"7":4},"f":{"0":4},"b":{"0":[4],"1":[0,0,0,4]},"_coverageSchema":"332fd63041d2c1bcb487cc26dd0d5f7d97098a6c","hash":"bb72ae37b2d413f40acf0aef3da78ae949057c00"}
,"/Users/Patrick/Desktop/TotemWebApp/client/src/redux/reducers/chatReducer.js": {"path":"/Users/Patrick/Desktop/TotemWebApp/client/src/redux/reducers/chatReducer.js","statementMap":{"0":{"start":{"line":1,"column":17},"end":{"line":4,"column":1}},"1":{"start":{"line":7,"column":2},"end":{"line":14,"column":3}},"2":{"start":{"line":9,"column":6},"end":{"line":12,"column":8}},"3":{"start":{"line":15,"column":2},"end":{"line":15,"column":15}}},"fnMap":{"0":{"name":"chatReducer","decl":{"start":{"line":6,"column":24},"end":{"line":6,"column":35}},"loc":{"start":{"line":6,"column":62},"end":{"line":16,"column":1}}}},"branchMap":{"0":{"loc":{"start":{"line":6,"column":36},"end":{"line":6,"column":52}},"type":"default-arg","locations":[{"start":{"line":6,"column":44},"end":{"line":6,"column":52}}]},"1":{"loc":{"start":{"line":7,"column":2},"end":{"line":14,"column":3}},"type":"switch","locations":[{"start":{"line":8,"column":4},"end":{"line":13,"column":5}}]}},"s":{"0":1,"1":3,"2":0,"3":3},"f":{"0":3},"b":{"0":[3],"1":[0]},"_coverageSchema":"332fd63041d2c1bcb487cc26dd0d5f7d97098a6c","hash":"75a69d9765059c77e87266e8966cc642aa509b75"}
,"/Users/Patrick/Desktop/TotemWebApp/client/src/redux/reducers/groupReducer.js": {"path":"/Users/Patrick/Desktop/TotemWebApp/client/src/redux/reducers/groupReducer.js","statementMap":{"0":{"start":{"line":1,"column":17},"end":{"line":6,"column":1}},"1":{"start":{"line":9,"column":2},"end":{"line":50,"column":3}},"2":{"start":{"line":11,"column":19},"end":{"line":11,"column":38}},"3":{"start":{"line":12,"column":18},"end":{"line":12,"column":36}},"4":{"start":{"line":13,"column":23},"end":{"line":18,"column":7}},"5":{"start":{"line":19,"column":6},"end":{"line":19,"column":33}},"6":{"start":{"line":20,"column":6},"end":{"line":20,"column":22}},"7":{"start":{"line":23,"column":20},"end":{"line":23,"column":43}},"8":{"start":{"line":24,"column":26},"end":{"line":24,"column":59}},"9":{"start":{"line":25,"column":6},"end":{"line":25,"column":54}},"10":{"start":{"line":28,"column":6},"end":{"line":28,"column":59}},"11":{"start":{"line":31,"column":18},"end":{"line":31,"column":32}},"12":{"start":{"line":32,"column":23},"end":{"line":37,"column":7}},"13":{"start":{"line":38,"column":6},"end":{"line":38,"column":136}},"14":{"start":{"line":39,"column":6},"end":{"line":39,"column":22}},"15":{"start":{"line":42,"column":6},"end":{"line":42,"column":50}},"16":{"start":{"line":45,"column":6},"end":{"line":45,"column":57}},"17":{"start":{"line":48,"column":6},"end":{"line":48,"column":54}},"18":{"start":{"line":51,"column":2},"end":{"line":51,"column":15}},"19":{"start":{"line":55,"column":17},"end":{"line":55,"column":19}},"20":{"start":{"line":56,"column":2},"end":{"line":59,"column":3}},"21":{"start":{"line":57,"column":19},"end":{"line":57,"column":44}},"22":{"start":{"line":58,"column":4},"end":{"line":58,"column":24}},"23":{"start":{"line":60,"column":2},"end":{"line":60,"column":16}},"24":{"start":{"line":64,"column":17},"end":{"line":64,"column":19}},"25":{"start":{"line":65,"column":2},"end":{"line":67,"column":3}},"26":{"start":{"line":66,"column":4},"end":{"line":66,"column":28}},"27":{"start":{"line":68,"column":2},"end":{"line":68,"column":16}}},"fnMap":{"0":{"name":"groupReducer","decl":{"start":{"line":8,"column":24},"end":{"line":8,"column":36}},"loc":{"start":{"line":8,"column":63},"end":{"line":52,"column":1}}},"1":{"name":"objToArray","decl":{"start":{"line":54,"column":9},"end":{"line":54,"column":19}},"loc":{"start":{"line":54,"column":25},"end":{"line":61,"column":1}}},"2":{"name":"arrToObj","decl":{"start":{"line":63,"column":9},"end":{"line":63,"column":17}},"loc":{"start":{"line":63,"column":23},"end":{"line":69,"column":1}}}},"branchMap":{"0":{"loc":{"start":{"line":8,"column":37},"end":{"line":8,"column":53}},"type":"default-arg","locations":[{"start":{"line":8,"column":45},"end":{"line":8,"column":53}}]},"1":{"loc":{"start":{"line":9,"column":2},"end":{"line":50,"column":3}},"type":"switch","locations":[{"start":{"line":10,"column":4},"end":{"line":21,"column":5}},{"start":{"line":22,"column":4},"end":{"line":26,"column":5}},{"start":{"line":27,"column":4},"end":{"line":29,"column":5}},{"start":{"line":30,"column":4},"end":{"line":40,"column":5}},{"start":{"line":41,"column":4},"end":{"line":43,"column":5}},{"start":{"line":44,"column":4},"end":{"line":46,"column":5}},{"start":{"line":47,"column":4},"end":{"line":49,"column":5}}]},"2":{"loc":{"start":{"line":38,"column":6},"end":{"line":38,"column":135}},"type":"cond-expr","locations":[{"start":{"line":38,"column":37},"end":{"line":38,"column":97}},{"start":{"line":38,"column":100},"end":{"line":38,"column":135}}]}},"s":{"0":1,"1":3,"2":0,"3":0,"4":0,"5":0,"6":0,"7":0,"8":0,"9":0,"10":0,"11":0,"12":0,"13":0,"14":0,"15":0,"16":0,"17":0,"18":3,"19":0,"20":0,"21":0,"22":0,"23":0,"24":0,"25":0,"26":0,"27":0},"f":{"0":3,"1":0,"2":0},"b":{"0":[3],"1":[0,0,0,0,0,0,0],"2":[0,0]},"_coverageSchema":"332fd63041d2c1bcb487cc26dd0d5f7d97098a6c","hash":"d930b83440efe6d9c7fca8e54d616a73905cf284"}
,"/Users/Patrick/Desktop/TotemWebApp/client/src/redux/reducers/index.js": {"path":"/Users/Patrick/Desktop/TotemWebApp/client/src/redux/reducers/index.js","statementMap":{},"fnMap":{},"branchMap":{},"s":{},"f":{},"b":{},"_coverageSchema":"332fd63041d2c1bcb487cc26dd0d5f7d97098a6c","hash":"153e618ecc73bd0dfd1744a2c3496a2486b11914"}
,"/Users/Patrick/Desktop/TotemWebApp/client/src/redux/reducers/mock_fb_friend_list.js": {"path":"/Users/Patrick/Desktop/TotemWebApp/client/src/redux/reducers/mock_fb_friend_list.js","statementMap":{"0":{"start":{"line":1,"column":0},"end":{"line":44,"column":2}}},"fnMap":{},"branchMap":{},"s":{"0":1},"f":{},"b":{},"_coverageSchema":"332fd63041d2c1bcb487cc26dd0d5f7d97098a6c","hash":"89d796728374c86ba0ea8babefca89ff31b1be01"}
,"/Users/Patrick/Desktop/TotemWebApp/client/src/redux/reducers/mock_venue_data.js": {"path":"/Users/Patrick/Desktop/TotemWebApp/client/src/redux/reducers/mock_venue_data.js","statementMap":{"0":{"start":{"line":1044,"column":0},"end":{"line":1322,"column":1}}},"fnMap":{},"branchMap":{},"s":{"0":1},"f":{},"b":{},"_coverageSchema":"332fd63041d2c1bcb487cc26dd0d5f7d97098a6c","hash":"d7ceaba4e68010315f80a25e128f953b701e4ae2"}
,"/Users/Patrick/Desktop/TotemWebApp/client/src/redux/reducers/userReducer.js": {"path":"/Users/Patrick/Desktop/TotemWebApp/client/src/redux/reducers/userReducer.js","statementMap":{"0":{"start":{"line":1,"column":22},"end":{"line":1,"column":54}},"1":{"start":{"line":3,"column":17},"end":{"line":12,"column":1}},"2":{"start":{"line":15,"column":2},"end":{"line":48,"column":3}},"3":{"start":{"line":17,"column":6},"end":{"line":22,"column":8}},"4":{"start":{"line":24,"column":6},"end":{"line":24,"column":47}},"5":{"start":{"line":27,"column":6},"end":{"line":27,"column":65}},"6":{"start":{"line":30,"column":6},"end":{"line":30,"column":54}},"7":{"start":{"line":33,"column":6},"end":{"line":33,"column":57}},"8":{"start":{"line":36,"column":6},"end":{"line":36,"column":57}},"9":{"start":{"line":39,"column":23},"end":{"line":39,"column":35}},"10":{"start":{"line":40,"column":6},"end":{"line":42,"column":7}},"11":{"start":{"line":41,"column":8},"end":{"line":41,"column":64}},"12":{"start":{"line":43,"column":6},"end":{"line":45,"column":7}},"13":{"start":{"line":44,"column":8},"end":{"line":44,"column":53}},"14":{"start":{"line":46,"column":6},"end":{"line":46,"column":22}},"15":{"start":{"line":49,"column":2},"end":{"line":49,"column":15}}},"fnMap":{"0":{"name":"userReducer","decl":{"start":{"line":14,"column":24},"end":{"line":14,"column":35}},"loc":{"start":{"line":14,"column":62},"end":{"line":50,"column":1}}}},"branchMap":{"0":{"loc":{"start":{"line":14,"column":36},"end":{"line":14,"column":52}},"type":"default-arg","locations":[{"start":{"line":14,"column":44},"end":{"line":14,"column":52}}]},"1":{"loc":{"start":{"line":15,"column":2},"end":{"line":48,"column":3}},"type":"switch","locations":[{"start":{"line":16,"column":4},"end":{"line":22,"column":8}},{"start":{"line":23,"column":4},"end":{"line":25,"column":5}},{"start":{"line":26,"column":4},"end":{"line":28,"column":5}},{"start":{"line":29,"column":4},"end":{"line":31,"column":5}},{"start":{"line":32,"column":4},"end":{"line":34,"column":5}},{"start":{"line":35,"column":4},"end":{"line":37,"column":5}},{"start":{"line":38,"column":4},"end":{"line":47,"column":5}}]},"2":{"loc":{"start":{"line":40,"column":6},"end":{"line":42,"column":7}},"type":"if","locations":[{"start":{"line":40,"column":6},"end":{"line":42,"column":7}},{"start":{"line":40,"column":6},"end":{"line":42,"column":7}}]},"3":{"loc":{"start":{"line":43,"column":6},"end":{"line":45,"column":7}},"type":"if","locations":[{"start":{"line":43,"column":6},"end":{"line":45,"column":7}},{"start":{"line":43,"column":6},"end":{"line":45,"column":7}}]}},"s":{"0":1,"1":1,"2":3,"3":0,"4":0,"5":0,"6":0,"7":0,"8":0,"9":0,"10":0,"11":0,"12":0,"13":0,"14":0,"15":3},"f":{"0":3},"b":{"0":[3],"1":[0,0,0,0,0,0,0],"2":[0,0],"3":[0,0]},"_coverageSchema":"332fd63041d2c1bcb487cc26dd0d5f7d97098a6c","hash":"740637859caae78ff4db994ee55a791f74cf33b4"}
,"/Users/Patrick/Desktop/TotemWebApp/client/src/redux/reducers/venueReducer.js": {"path":"/Users/Patrick/Desktop/TotemWebApp/client/src/redux/reducers/venueReducer.js","statementMap":{"0":{"start":{"line":1,"column":22},"end":{"line":1,"column":50}},"1":{"start":{"line":2,"column":17},"end":{"line":5,"column":1}},"2":{"start":{"line":8,"column":2},"end":{"line":13,"column":3}},"3":{"start":{"line":10,"column":6},"end":{"line":10,"column":57}},"4":{"start":{"line":14,"column":2},"end":{"line":14,"column":15}},"5":{"start":{"line":18,"column":17},"end":{"line":18,"column":19}},"6":{"start":{"line":19,"column":2},"end":{"line":22,"column":3}},"7":{"start":{"line":20,"column":19},"end":{"line":20,"column":44}},"8":{"start":{"line":21,"column":4},"end":{"line":21,"column":24}},"9":{"start":{"line":23,"column":2},"end":{"line":23,"column":16}},"10":{"start":{"line":27,"column":17},"end":{"line":27,"column":19}},"11":{"start":{"line":28,"column":2},"end":{"line":30,"column":3}},"12":{"start":{"line":29,"column":4},"end":{"line":29,"column":28}},"13":{"start":{"line":31,"column":2},"end":{"line":31,"column":16}}},"fnMap":{"0":{"name":"configReducer","decl":{"start":{"line":7,"column":24},"end":{"line":7,"column":37}},"loc":{"start":{"line":7,"column":64},"end":{"line":15,"column":1}}},"1":{"name":"objToArray","decl":{"start":{"line":17,"column":9},"end":{"line":17,"column":19}},"loc":{"start":{"line":17,"column":25},"end":{"line":24,"column":1}}},"2":{"name":"arrToObj","decl":{"start":{"line":26,"column":9},"end":{"line":26,"column":17}},"loc":{"start":{"line":26,"column":23},"end":{"line":32,"column":1}}}},"branchMap":{"0":{"loc":{"start":{"line":7,"column":38},"end":{"line":7,"column":54}},"type":"default-arg","locations":[{"start":{"line":7,"column":46},"end":{"line":7,"column":54}}]},"1":{"loc":{"start":{"line":8,"column":2},"end":{"line":13,"column":3}},"type":"switch","locations":[{"start":{"line":9,"column":4},"end":{"line":11,"column":5}},{"start":{"line":12,"column":4},"end":{"line":12,"column":28}}]}},"s":{"0":1,"1":1,"2":3,"3":0,"4":3,"5":0,"6":0,"7":0,"8":0,"9":0,"10":0,"11":0,"12":0,"13":0},"f":{"0":3,"1":0,"2":0},"b":{"0":[3],"1":[0,0]},"_coverageSchema":"332fd63041d2c1bcb487cc26dd0d5f7d97098a6c","hash":"6cfd68d0e546a27370342d99a95bdc0abfe89520"}
,"/Users/Patrick/Desktop/TotemWebApp/client/src/redux/reducers/venueScheduleReducer.js": {"path":"/Users/Patrick/Desktop/TotemWebApp/client/src/redux/reducers/venueScheduleReducer.js","statementMap":{"0":{"start":{"line":1,"column":17},"end":{"line":11,"column":1}},"1":{"start":{"line":14,"column":2},"end":{"line":47,"column":3}},"2":{"start":{"line":16,"column":6},"end":{"line":16,"column":59}},"3":{"start":{"line":19,"column":6},"end":{"line":19,"column":61}},"4":{"start":{"line":22,"column":6},"end":{"line":22,"column":65}},"5":{"start":{"line":25,"column":6},"end":{"line":25,"column":66}},"6":{"start":{"line":28,"column":6},"end":{"line":28,"column":68}},"7":{"start":{"line":31,"column":6},"end":{"line":36,"column":7}},"8":{"start":{"line":39,"column":6},"end":{"line":39,"column":57}},"9":{"start":{"line":42,"column":6},"end":{"line":42,"column":57}},"10":{"start":{"line":45,"column":6},"end":{"line":45,"column":57}},"11":{"start":{"line":48,"column":2},"end":{"line":48,"column":15}}},"fnMap":{"0":{"name":"venueScheduleReducer","decl":{"start":{"line":13,"column":24},"end":{"line":13,"column":44}},"loc":{"start":{"line":13,"column":71},"end":{"line":49,"column":1}}}},"branchMap":{"0":{"loc":{"start":{"line":13,"column":45},"end":{"line":13,"column":61}},"type":"default-arg","locations":[{"start":{"line":13,"column":53},"end":{"line":13,"column":61}}]},"1":{"loc":{"start":{"line":14,"column":2},"end":{"line":47,"column":3}},"type":"switch","locations":[{"start":{"line":15,"column":4},"end":{"line":17,"column":5}},{"start":{"line":18,"column":4},"end":{"line":20,"column":5}},{"start":{"line":21,"column":4},"end":{"line":23,"column":5}},{"start":{"line":24,"column":4},"end":{"line":26,"column":5}},{"start":{"line":27,"column":4},"end":{"line":29,"column":5}},{"start":{"line":30,"column":4},"end":{"line":37,"column":5}},{"start":{"line":38,"column":4},"end":{"line":40,"column":5}},{"start":{"line":41,"column":4},"end":{"line":43,"column":5}},{"start":{"line":44,"column":4},"end":{"line":46,"column":5}}]}},"s":{"0":1,"1":3,"2":0,"3":0,"4":0,"5":0,"6":0,"7":0,"8":0,"9":0,"10":0,"11":3},"f":{"0":3},"b":{"0":[3],"1":[0,0,0,0,0,0,0,0,0]},"_coverageSchema":"332fd63041d2c1bcb487cc26dd0d5f7d97098a6c","hash":"d257455504dc67fdbb833f4354e3ecbb44191b64"}
}
