{"/Users/J/Desktop/HR/TotemWebApp/__testConfig__/CSSStub.js": {"path":"/Users/J/Desktop/HR/TotemWebApp/__testConfig__/CSSStub.js","statementMap":{"0":{"start":{"line":1,"column":0},"end":{"line":1,"column":20}}},"fnMap":{},"branchMap":{},"s":{"0":1},"f":{},"b":{},"_coverageSchema":"332fd63041d2c1bcb487cc26dd0d5f7d97098a6c","hash":"f71c9aadd3098183ed3330dbc8688a711c31cf0a"}
,"/Users/J/Desktop/HR/TotemWebApp/client/src/components/GroundOverlay.js": {"path":"/Users/J/Desktop/HR/TotemWebApp/client/src/components/GroundOverlay.js","statementMap":{"0":{"start":{"line":3,"column":23},"end":{"line":3,"column":70}},"1":{"start":{"line":5,"column":23},"end":{"line":5,"column":63}},"2":{"start":{"line":7,"column":16},"end":{"line":7,"column":56}},"3":{"start":{"line":9,"column":16},"end":{"line":9,"column":49}},"4":{"start":{"line":11,"column":14},"end":{"line":11,"column":37}},"5":{"start":{"line":13,"column":14},"end":{"line":13,"column":45}},"6":{"start":{"line":15,"column":18},"end":{"line":15,"column":45}},"7":{"start":{"line":17,"column":18},"end":{"line":17,"column":53}},"8":{"start":{"line":19,"column":13},"end":{"line":19,"column":29}},"9":{"start":{"line":21,"column":14},"end":{"line":21,"column":44}},"10":{"start":{"line":23,"column":17},"end":{"line":23,"column":81}},"11":{"start":{"line":25,"column":22},"end":{"line":25,"column":91}},"12":{"start":{"line":27,"column":23},"end":{"line":27,"column":62}},"13":{"start":{"line":29,"column":40},"end":{"line":29,"column":267}},"14":{"start":{"line":29,"column":69},"end":{"line":29,"column":80}},"15":{"start":{"line":29,"column":103},"end":{"line":29,"column":105}},"16":{"start":{"line":29,"column":107},"end":{"line":29,"column":228}},"17":{"start":{"line":29,"column":126},"end":{"line":29,"column":226}},"18":{"start":{"line":29,"column":149},"end":{"line":29,"column":224}},"19":{"start":{"line":29,"column":201},"end":{"line":29,"column":224}},"20":{"start":{"line":29,"column":229},"end":{"line":29,"column":250}},"21":{"start":{"line":29,"column":251},"end":{"line":29,"column":265}},"22":{"start":{"line":31,"column":39},"end":{"line":31,"column":93}},"23":{"start":{"line":34,"column":26},"end":{"line":45,"column":1}},"24":{"start":{"line":47,"column":35},"end":{"line":47,"column":104}},"25":{"start":{"line":49,"column":15},"end":{"line":54,"column":1}},"26":{"start":{"line":56,"column":22},"end":{"line":79,"column":1}},"27":{"start":{"line":65,"column":4},"end":{"line":65,"column":37}},"28":{"start":{"line":69,"column":4},"end":{"line":69,"column":34}},"29":{"start":{"line":73,"column":4},"end":{"line":73,"column":38}},"30":{"start":{"line":77,"column":4},"end":{"line":77,"column":34}},"31":{"start":{"line":81,"column":31},"end":{"line":81,"column":33}},"32":{"start":{"line":84,"column":2},"end":{"line":84,"column":52}},"33":{"start":{"line":87,"column":0},"end":{"line":143,"column":3}},"34":{"start":{"line":104,"column":24},"end":{"line":107,"column":5}},"35":{"start":{"line":108,"column":14},"end":{"line":108,"column":42}},"36":{"start":{"line":112,"column":4},"end":{"line":112,"column":30}},"37":{"start":{"line":114,"column":4},"end":{"line":116,"column":5}},"38":{"start":{"line":115,"column":6},"end":{"line":115,"column":51}},"39":{"start":{"line":117,"column":4},"end":{"line":130,"column":5}},"40":{"start":{"line":119,"column":6},"end":{"line":123,"column":9}},"41":{"start":{"line":120,"column":8},"end":{"line":122,"column":17}},"42":{"start":{"line":121,"column":10},"end":{"line":121,"column":57}},"43":{"start":{"line":124,"column":6},"end":{"line":126,"column":9}},"44":{"start":{"line":125,"column":8},"end":{"line":125,"column":35}},"45":{"start":{"line":127,"column":6},"end":{"line":129,"column":9}},"46":{"start":{"line":128,"column":8},"end":{"line":128,"column":35}},"47":{"start":{"line":132,"column":4},"end":{"line":132,"column":85}},"48":{"start":{"line":135,"column":24},"end":{"line":135,"column":54}},"49":{"start":{"line":136,"column":4},"end":{"line":138,"column":5}},"50":{"start":{"line":137,"column":6},"end":{"line":137,"column":33}},"51":{"start":{"line":141,"column":4},"end":{"line":141,"column":17}}},"fnMap":{"0":{"name":"_interopRequireWildcard","decl":{"start":{"line":29,"column":9},"end":{"line":29,"column":32}},"loc":{"start":{"line":29,"column":38},"end":{"line":29,"column":269}}},"1":{"name":"_interopRequireDefault","decl":{"start":{"line":31,"column":9},"end":{"line":31,"column":31}},"loc":{"start":{"line":31,"column":37},"end":{"line":31,"column":95}}},"2":{"name":"getBounds","decl":{"start":{"line":64,"column":22},"end":{"line":64,"column":31}},"loc":{"start":{"line":64,"column":47},"end":{"line":66,"column":3}}},"3":{"name":"getMap","decl":{"start":{"line":68,"column":19},"end":{"line":68,"column":25}},"loc":{"start":{"line":68,"column":41},"end":{"line":70,"column":3}}},"4":{"name":"getOpacity","decl":{"start":{"line":72,"column":23},"end":{"line":72,"column":33}},"loc":{"start":{"line":72,"column":49},"end":{"line":74,"column":3}}},"5":{"name":"getUrl","decl":{"start":{"line":76,"column":19},"end":{"line":76,"column":25}},"loc":{"start":{"line":76,"column":41},"end":{"line":78,"column":3}}},"6":{"name":"getInstanceFromComponent","decl":{"start":{"line":83,"column":9},"end":{"line":83,"column":33}},"loc":{"start":{"line":83,"column":45},"end":{"line":85,"column":1}}},"7":{"name":"getInitialState","decl":{"start":{"line":102,"column":28},"end":{"line":102,"column":43}},"loc":{"start":{"line":102,"column":46},"end":{"line":133,"column":3}}},"8":{"name":"(anonymous_8)","decl":{"start":{"line":119,"column":64},"end":{"line":119,"column":65}},"loc":{"start":{"line":119,"column":80},"end":{"line":123,"column":7}}},"9":{"name":"(anonymous_9)","decl":{"start":{"line":120,"column":34},"end":{"line":120,"column":35}},"loc":{"start":{"line":120,"column":45},"end":{"line":122,"column":9}}},"10":{"name":"(anonymous_10)","decl":{"start":{"line":124,"column":62},"end":{"line":124,"column":63}},"loc":{"start":{"line":124,"column":78},"end":{"line":126,"column":7}}},"11":{"name":"(anonymous_11)","decl":{"start":{"line":127,"column":65},"end":{"line":127,"column":66}},"loc":{"start":{"line":127,"column":81},"end":{"line":129,"column":7}}},"12":{"name":"componentWillUnmount","decl":{"start":{"line":134,"column":33},"end":{"line":134,"column":53}},"loc":{"start":{"line":134,"column":56},"end":{"line":139,"column":3}}},"13":{"name":"render","decl":{"start":{"line":140,"column":19},"end":{"line":140,"column":25}},"loc":{"start":{"line":140,"column":28},"end":{"line":142,"column":3}}}},"branchMap":{"0":{"loc":{"start":{"line":29,"column":40},"end":{"line":29,"column":267}},"type":"if","locations":[{"start":{"line":29,"column":40},"end":{"line":29,"column":267}},{"start":{"line":29,"column":40},"end":{"line":29,"column":267}}]},"1":{"loc":{"start":{"line":29,"column":44},"end":{"line":29,"column":65}},"type":"binary-expr","locations":[{"start":{"line":29,"column":44},"end":{"line":29,"column":47}},{"start":{"line":29,"column":51},"end":{"line":29,"column":65}}]},"2":{"loc":{"start":{"line":29,"column":107},"end":{"line":29,"column":228}},"type":"if","locations":[{"start":{"line":29,"column":107},"end":{"line":29,"column":228}},{"start":{"line":29,"column":107},"end":{"line":29,"column":228}}]},"3":{"loc":{"start":{"line":29,"column":149},"end":{"line":29,"column":224}},"type":"if","locations":[{"start":{"line":29,"column":149},"end":{"line":29,"column":224}},{"start":{"line":29,"column":149},"end":{"line":29,"column":224}}]},"4":{"loc":{"start":{"line":31,"column":46},"end":{"line":31,"column":92}},"type":"cond-expr","locations":[{"start":{"line":31,"column":70},"end":{"line":31,"column":73}},{"start":{"line":31,"column":76},"end":{"line":31,"column":92}}]},"5":{"loc":{"start":{"line":31,"column":46},"end":{"line":31,"column":67}},"type":"binary-expr","locations":[{"start":{"line":31,"column":46},"end":{"line":31,"column":49}},{"start":{"line":31,"column":53},"end":{"line":31,"column":67}}]},"6":{"loc":{"start":{"line":114,"column":4},"end":{"line":116,"column":5}},"type":"if","locations":[{"start":{"line":114,"column":4},"end":{"line":116,"column":5}},{"start":{"line":114,"column":4},"end":{"line":116,"column":5}}]},"7":{"loc":{"start":{"line":117,"column":4},"end":{"line":130,"column":5}},"type":"if","locations":[{"start":{"line":117,"column":4},"end":{"line":130,"column":5}},{"start":{"line":117,"column":4},"end":{"line":130,"column":5}}]},"8":{"loc":{"start":{"line":136,"column":4},"end":{"line":138,"column":5}},"type":"if","locations":[{"start":{"line":136,"column":4},"end":{"line":138,"column":5}},{"start":{"line":136,"column":4},"end":{"line":138,"column":5}}]}},"s":{"0":1,"1":1,"2":1,"3":1,"4":1,"5":1,"6":1,"7":1,"8":1,"9":1,"10":1,"11":1,"12":1,"13":0,"14":0,"15":0,"16":0,"17":0,"18":0,"19":0,"20":0,"21":0,"22":6,"23":1,"24":1,"25":1,"26":1,"27":0,"28":0,"29":0,"30":0,"31":1,"32":0,"33":1,"34":0,"35":0,"36":0,"37":0,"38":0,"39":0,"40":0,"41":0,"42":0,"43":0,"44":0,"45":0,"46":0,"47":0,"48":0,"49":0,"50":0,"51":0},"f":{"0":0,"1":6,"2":0,"3":0,"4":0,"5":0,"6":0,"7":0,"8":0,"9":0,"10":0,"11":0,"12":0,"13":0},"b":{"0":[0,0],"1":[0,0],"2":[0,0],"3":[0,0],"4":[3,3],"5":[6,6],"6":[0,0],"7":[0,0],"8":[0,0]},"_coverageSchema":"332fd63041d2c1bcb487cc26dd0d5f7d97098a6c","hash":"c2fc659d4a425dc2d8dd46adc326b3d9006d1def"}
,"/Users/J/Desktop/HR/TotemWebApp/client/src/components/InitConfig/InviteFriends.jsx": {"path":"/Users/J/Desktop/HR/TotemWebApp/client/src/components/InitConfig/InviteFriends.jsx","statementMap":{"0":{"start":{"line":12,"column":4},"end":{"line":12,"column":17}},"1":{"start":{"line":16,"column":20},"end":{"line":16,"column":38}},"2":{"start":{"line":17,"column":17},"end":{"line":17,"column":37}},"3":{"start":{"line":18,"column":25},"end":{"line":18,"column":27}},"4":{"start":{"line":19,"column":18},"end":{"line":19,"column":77}},"5":{"start":{"line":20,"column":23},"end":{"line":20,"column":25}},"6":{"start":{"line":21,"column":4},"end":{"line":23,"column":5}},"7":{"start":{"line":22,"column":6},"end":{"line":22,"column":42}},"8":{"start":{"line":24,"column":4},"end":{"line":24,"column":35}},"9":{"start":{"line":26,"column":4},"end":{"line":28,"column":5}},"10":{"start":{"line":27,"column":6},"end":{"line":27,"column":80}},"11":{"start":{"line":32,"column":4},"end":{"line":60,"column":6}},"12":{"start":{"line":40,"column":14},"end":{"line":45,"column":20}},"13":{"start":{"line":65,"column":1},"end":{"line":69,"column":2}}},"fnMap":{"0":{"name":"(anonymous_0)","decl":{"start":{"line":11,"column":3},"end":{"line":11,"column":4}},"loc":{"start":{"line":11,"column":21},"end":{"line":13,"column":4}}},"1":{"name":"(anonymous_1)","decl":{"start":{"line":15,"column":2},"end":{"line":15,"column":3}},"loc":{"start":{"line":15,"column":22},"end":{"line":29,"column":3}}},"2":{"name":"(anonymous_2)","decl":{"start":{"line":31,"column":2},"end":{"line":31,"column":3}},"loc":{"start":{"line":31,"column":11},"end":{"line":61,"column":3}}},"3":{"name":"(anonymous_3)","decl":{"start":{"line":39,"column":39},"end":{"line":39,"column":40}},"loc":{"start":{"line":40,"column":14},"end":{"line":45,"column":20}}},"4":{"name":"(anonymous_4)","decl":{"start":{"line":64,"column":23},"end":{"line":64,"column":24}},"loc":{"start":{"line":64,"column":34},"end":{"line":70,"column":1}}}},"branchMap":{},"s":{"0":0,"1":0,"2":0,"3":0,"4":0,"5":0,"6":0,"7":0,"8":0,"9":0,"10":0,"11":0,"12":0,"13":1},"f":{"0":0,"1":0,"2":0,"3":0,"4":1},"b":{},"_coverageSchema":"332fd63041d2c1bcb487cc26dd0d5f7d97098a6c","hash":"5283bf45f1b5585b14f3d4702e5494f418a8f4da"}
,"/Users/J/Desktop/HR/TotemWebApp/client/src/components/MapViewer/MapViewer.jsx": {"path":"/Users/J/Desktop/HR/TotemWebApp/client/src/components/MapViewer/MapViewer.jsx","statementMap":{"0":{"start":{"line":11,"column":4},"end":{"line":11,"column":17}},"1":{"start":{"line":15,"column":24},"end":{"line":15,"column":40}},"2":{"start":{"line":16,"column":20},"end":{"line":16,"column":30}},"3":{"start":{"line":17,"column":20},"end":{"line":37,"column":6}},"4":{"start":{"line":18,"column":6},"end":{"line":36,"column":18}},"5":{"start":{"line":23,"column":22},"end":{"line":23,"column":36}},"6":{"start":{"line":24,"column":22},"end":{"line":24,"column":36}},"7":{"start":{"line":25,"column":10},"end":{"line":25,"column":36}},"8":{"start":{"line":39,"column":4},"end":{"line":48,"column":6}},"9":{"start":{"line":53,"column":4},"end":{"line":53,"column":24}},"10":{"start":{"line":57,"column":4},"end":{"line":57,"column":29}},"11":{"start":{"line":58,"column":4},"end":{"line":58,"column":27}},"12":{"start":{"line":58,"column":13},"end":{"line":58,"column":27}},"13":{"start":{"line":64,"column":2},"end":{"line":66,"column":4}}},"fnMap":{"0":{"name":"(anonymous_0)","decl":{"start":{"line":10,"column":2},"end":{"line":10,"column":3}},"loc":{"start":{"line":10,"column":26},"end":{"line":12,"column":3}}},"1":{"name":"(anonymous_1)","decl":{"start":{"line":14,"column":2},"end":{"line":14,"column":3}},"loc":{"start":{"line":14,"column":11},"end":{"line":49,"column":3}}},"2":{"name":"(anonymous_2)","decl":{"start":{"line":17,"column":34},"end":{"line":17,"column":35}},"loc":{"start":{"line":18,"column":6},"end":{"line":36,"column":18}}},"3":{"name":"(anonymous_3)","decl":{"start":{"line":22,"column":17},"end":{"line":22,"column":18}},"loc":{"start":{"line":22,"column":24},"end":{"line":26,"column":9}}},"4":{"name":"(anonymous_4)","decl":{"start":{"line":52,"column":2},"end":{"line":52,"column":3}},"loc":{"start":{"line":52,"column":22},"end":{"line":54,"column":3}}},"5":{"name":"(anonymous_5)","decl":{"start":{"line":56,"column":2},"end":{"line":56,"column":3}},"loc":{"start":{"line":56,"column":21},"end":{"line":59,"column":3}}},"6":{"name":"(anonymous_6)","decl":{"start":{"line":63,"column":23},"end":{"line":63,"column":24}},"loc":{"start":{"line":63,"column":34},"end":{"line":67,"column":1}}}},"branchMap":{"0":{"loc":{"start":{"line":58,"column":4},"end":{"line":58,"column":27}},"type":"if","locations":[{"start":{"line":58,"column":4},"end":{"line":58,"column":27}},{"start":{"line":58,"column":4},"end":{"line":58,"column":27}}]}},"s":{"0":0,"1":0,"2":0,"3":0,"4":0,"5":0,"6":0,"7":0,"8":0,"9":0,"10":0,"11":0,"12":0,"13":0},"f":{"0":0,"1":0,"2":0,"3":0,"4":0,"5":0,"6":0},"b":{"0":[0,0]},"_coverageSchema":"332fd63041d2c1bcb487cc26dd0d5f7d97098a6c","hash":"e7f6c618609fad366d94f4d281a526ea6622b8ab"}
,"/Users/J/Desktop/HR/TotemWebApp/client/src/components/MapViewer/Markers.jsx": {"path":"/Users/J/Desktop/HR/TotemWebApp/client/src/components/MapViewer/Markers.jsx","statementMap":{"0":{"start":{"line":9,"column":20},"end":{"line":9,"column":38}},"1":{"start":{"line":10,"column":20},"end":{"line":10,"column":40}},"2":{"start":{"line":11,"column":4},"end":{"line":42,"column":6}},"3":{"start":{"line":14,"column":23},"end":{"line":14,"column":35}},"4":{"start":{"line":15,"column":23},"end":{"line":21,"column":11}},"5":{"start":{"line":22,"column":10},"end":{"line":39,"column":12}},"6":{"start":{"line":28,"column":29},"end":{"line":28,"column":53}},"7":{"start":{"line":47,"column":2},"end":{"line":49,"column":4}}},"fnMap":{"0":{"name":"(anonymous_0)","decl":{"start":{"line":8,"column":2},"end":{"line":8,"column":3}},"loc":{"start":{"line":8,"column":11},"end":{"line":43,"column":3}}},"1":{"name":"(anonymous_1)","decl":{"start":{"line":13,"column":21},"end":{"line":13,"column":22}},"loc":{"start":{"line":13,"column":37},"end":{"line":40,"column":9}}},"2":{"name":"(anonymous_2)","decl":{"start":{"line":28,"column":23},"end":{"line":28,"column":24}},"loc":{"start":{"line":28,"column":29},"end":{"line":28,"column":53}}},"3":{"name":"(anonymous_3)","decl":{"start":{"line":46,"column":23},"end":{"line":46,"column":24}},"loc":{"start":{"line":46,"column":34},"end":{"line":50,"column":1}}}},"branchMap":{"0":{"loc":{"start":{"line":30,"column":15},"end":{"line":37,"column":15}},"type":"binary-expr","locations":[{"start":{"line":30,"column":15},"end":{"line":30,"column":28}},{"start":{"line":31,"column":16},"end":{"line":36,"column":29}}]}},"s":{"0":0,"1":0,"2":0,"3":0,"4":0,"5":0,"6":0,"7":0},"f":{"0":0,"1":0,"2":0,"3":0},"b":{"0":[0,0]},"_coverageSchema":"332fd63041d2c1bcb487cc26dd0d5f7d97098a6c","hash":"99f46b4442754824024ae213dfe7251190324acb"}
,"/Users/J/Desktop/HR/TotemWebApp/client/src/redux/store.js": {"path":"/Users/J/Desktop/HR/TotemWebApp/client/src/redux/store.js","statementMap":{"0":{"start":{"line":7,"column":19},"end":{"line":7,"column":62}}},"fnMap":{},"branchMap":{},"s":{"0":4},"f":{},"b":{},"_coverageSchema":"332fd63041d2c1bcb487cc26dd0d5f7d97098a6c","hash":"688913a6ef7609b5e02784a763f3ae95e6b98cd9"}
,"/Users/J/Desktop/HR/TotemWebApp/client/src/redux/actions/agendaActions.js": {"path":"/Users/J/Desktop/HR/TotemWebApp/client/src/redux/actions/agendaActions.js","statementMap":{"0":{"start":{"line":5,"column":2},"end":{"line":8,"column":5}},"1":{"start":{"line":12,"column":2},"end":{"line":15,"column":5}},"2":{"start":{"line":19,"column":14},"end":{"line":19,"column":39}},"3":{"start":{"line":20,"column":13},"end":{"line":20,"column":32}},"4":{"start":{"line":22,"column":18},"end":{"line":22,"column":51}},"5":{"start":{"line":23,"column":2},"end":{"line":31,"column":5}},"6":{"start":{"line":25,"column":19},"end":{"line":25,"column":33}},"7":{"start":{"line":26,"column":4},"end":{"line":26,"column":33}},"8":{"start":{"line":27,"column":4},"end":{"line":27,"column":45}},"9":{"start":{"line":28,"column":4},"end":{"line":28,"column":67}},"10":{"start":{"line":30,"column":4},"end":{"line":30,"column":56}}},"fnMap":{"0":{"name":"removeAgenda","decl":{"start":{"line":4,"column":16},"end":{"line":4,"column":28}},"loc":{"start":{"line":4,"column":37},"end":{"line":9,"column":1}}},"1":{"name":"addAgenda","decl":{"start":{"line":11,"column":16},"end":{"line":11,"column":25}},"loc":{"start":{"line":11,"column":34},"end":{"line":16,"column":1}}},"2":{"name":"defaultAgenda","decl":{"start":{"line":18,"column":16},"end":{"line":18,"column":29}},"loc":{"start":{"line":18,"column":32},"end":{"line":32,"column":1}}},"3":{"name":"(anonymous_3)","decl":{"start":{"line":23,"column":24},"end":{"line":23,"column":25}},"loc":{"start":{"line":23,"column":43},"end":{"line":29,"column":3}}},"4":{"name":"(anonymous_4)","decl":{"start":{"line":29,"column":5},"end":{"line":29,"column":6}},"loc":{"start":{"line":29,"column":28},"end":{"line":31,"column":3}}}},"branchMap":{},"s":{"0":0,"1":0,"2":0,"3":0,"4":0,"5":0,"6":0,"7":0,"8":0,"9":0,"10":0},"f":{"0":0,"1":0,"2":0,"3":0,"4":0},"b":{},"_coverageSchema":"332fd63041d2c1bcb487cc26dd0d5f7d97098a6c","hash":"96de5371b36063c3493d07ebe324f2f8e973068c"}
,"/Users/J/Desktop/HR/TotemWebApp/client/src/redux/actions/appActions.js": {"path":"/Users/J/Desktop/HR/TotemWebApp/client/src/redux/actions/appActions.js","statementMap":{"0":{"start":{"line":4,"column":2},"end":{"line":6,"column":5}},"1":{"start":{"line":9,"column":2},"end":{"line":11,"column":5}},"2":{"start":{"line":15,"column":2},"end":{"line":17,"column":5}},"3":{"start":{"line":21,"column":2},"end":{"line":23,"column":5}},"4":{"start":{"line":27,"column":2},"end":{"line":29,"column":5}},"5":{"start":{"line":33,"column":2},"end":{"line":35,"column":5}}},"fnMap":{"0":{"name":"openMenu","decl":{"start":{"line":3,"column":16},"end":{"line":3,"column":24}},"loc":{"start":{"line":3,"column":27},"end":{"line":7,"column":1}}},"1":{"name":"closeMenu","decl":{"start":{"line":8,"column":16},"end":{"line":8,"column":25}},"loc":{"start":{"line":8,"column":28},"end":{"line":12,"column":1}}},"2":{"name":"toggleDimmer","decl":{"start":{"line":14,"column":16},"end":{"line":14,"column":28}},"loc":{"start":{"line":14,"column":31},"end":{"line":18,"column":1}}},"3":{"name":"toggleEmergencyFriends","decl":{"start":{"line":20,"column":16},"end":{"line":20,"column":38}},"loc":{"start":{"line":20,"column":41},"end":{"line":24,"column":1}}},"4":{"name":"toggleEmergencyServices","decl":{"start":{"line":26,"column":16},"end":{"line":26,"column":39}},"loc":{"start":{"line":26,"column":42},"end":{"line":30,"column":1}}},"5":{"name":"toggleSpeedDial","decl":{"start":{"line":32,"column":16},"end":{"line":32,"column":31}},"loc":{"start":{"line":32,"column":34},"end":{"line":36,"column":1}}}},"branchMap":{},"s":{"0":0,"1":0,"2":0,"3":0,"4":0,"5":0},"f":{"0":0,"1":0,"2":0,"3":0,"4":0,"5":0},"b":{},"_coverageSchema":"332fd63041d2c1bcb487cc26dd0d5f7d97098a6c","hash":"3a1008982040c455492ef3e5103be5752e21183f"}
,"/Users/J/Desktop/HR/TotemWebApp/client/src/redux/actions/authenticationActions.js": {"path":"/Users/J/Desktop/HR/TotemWebApp/client/src/redux/actions/authenticationActions.js","statementMap":{"0":{"start":{"line":11,"column":17},"end":{"line":11,"column":31}},"1":{"start":{"line":13,"column":19},"end":{"line":13,"column":21}},"2":{"start":{"line":15,"column":19},"end":{"line":17,"column":1}},"3":{"start":{"line":20,"column":2},"end":{"line":26,"column":5}},"4":{"start":{"line":30,"column":2},"end":{"line":32,"column":5}},"5":{"start":{"line":36,"column":2},"end":{"line":39,"column":5}},"6":{"start":{"line":43,"column":2},"end":{"line":46,"column":5}},"7":{"start":{"line":44,"column":4},"end":{"line":44,"column":29}},"8":{"start":{"line":45,"column":4},"end":{"line":45,"column":17}},"9":{"start":{"line":50,"column":17},"end":{"line":50,"column":93}},"10":{"start":{"line":52,"column":2},"end":{"line":79,"column":5}},"11":{"start":{"line":53,"column":26},"end":{"line":53,"column":35}},"12":{"start":{"line":54,"column":24},"end":{"line":54,"column":26}},"13":{"start":{"line":55,"column":23},"end":{"line":55,"column":25}},"14":{"start":{"line":56,"column":15},"end":{"line":56,"column":17}},"15":{"start":{"line":58,"column":4},"end":{"line":61,"column":5}},"16":{"start":{"line":59,"column":6},"end":{"line":59,"column":47}},"17":{"start":{"line":60,"column":6},"end":{"line":60,"column":47}},"18":{"start":{"line":62,"column":4},"end":{"line":62,"column":41}},"19":{"start":{"line":63,"column":30},"end":{"line":65,"column":5}},"20":{"start":{"line":67,"column":4},"end":{"line":73,"column":5}},"21":{"start":{"line":68,"column":6},"end":{"line":72,"column":7}},"22":{"start":{"line":69,"column":8},"end":{"line":71,"column":9}},"23":{"start":{"line":70,"column":10},"end":{"line":70,"column":62}},"24":{"start":{"line":75,"column":4},"end":{"line":75,"column":71}},"25":{"start":{"line":76,"column":4},"end":{"line":76,"column":71}},"26":{"start":{"line":78,"column":4},"end":{"line":78,"column":62}},"27":{"start":{"line":83,"column":2},"end":{"line":89,"column":5}},"28":{"start":{"line":84,"column":4},"end":{"line":84,"column":26}},"29":{"start":{"line":85,"column":4},"end":{"line":87,"column":5}},"30":{"start":{"line":86,"column":6},"end":{"line":86,"column":38}},"31":{"start":{"line":88,"column":4},"end":{"line":88,"column":33}},"32":{"start":{"line":93,"column":2},"end":{"line":98,"column":5}},"33":{"start":{"line":94,"column":4},"end":{"line":94,"column":29}},"34":{"start":{"line":95,"column":4},"end":{"line":97,"column":5}},"35":{"start":{"line":96,"column":6},"end":{"line":96,"column":57}},"36":{"start":{"line":102,"column":19},"end":{"line":102,"column":59}},"37":{"start":{"line":103,"column":2},"end":{"line":103,"column":21}},"38":{"start":{"line":105,"column":2},"end":{"line":105,"column":86}},"39":{"start":{"line":105,"column":55},"end":{"line":105,"column":84}},"40":{"start":{"line":106,"column":2},"end":{"line":125,"column":46}},"41":{"start":{"line":108,"column":4},"end":{"line":108,"column":48}},"42":{"start":{"line":109,"column":60},"end":{"line":109,"column":66}},"43":{"start":{"line":110,"column":4},"end":{"line":110,"column":24}},"44":{"start":{"line":111,"column":20},"end":{"line":111,"column":22}},"45":{"start":{"line":112,"column":19},"end":{"line":120,"column":5}},"46":{"start":{"line":121,"column":4},"end":{"line":121,"column":41}},"47":{"start":{"line":122,"column":4},"end":{"line":122,"column":28}},"48":{"start":{"line":125,"column":18},"end":{"line":125,"column":44}}},"fnMap":{"0":{"name":"signInSuccess","decl":{"start":{"line":19,"column":16},"end":{"line":19,"column":29}},"loc":{"start":{"line":19,"column":48},"end":{"line":27,"column":1}}},"1":{"name":"signInInProgress","decl":{"start":{"line":29,"column":9},"end":{"line":29,"column":25}},"loc":{"start":{"line":29,"column":28},"end":{"line":33,"column":1}}},"2":{"name":"signInError","decl":{"start":{"line":35,"column":9},"end":{"line":35,"column":20}},"loc":{"start":{"line":35,"column":35},"end":{"line":40,"column":1}}},"3":{"name":"getUsers","decl":{"start":{"line":42,"column":9},"end":{"line":42,"column":17}},"loc":{"start":{"line":42,"column":20},"end":{"line":47,"column":1}}},"4":{"name":"(anonymous_4)","decl":{"start":{"line":43,"column":32},"end":{"line":43,"column":33}},"loc":{"start":{"line":43,"column":42},"end":{"line":46,"column":3}}},"5":{"name":"getFriends","decl":{"start":{"line":49,"column":9},"end":{"line":49,"column":19}},"loc":{"start":{"line":49,"column":22},"end":{"line":80,"column":1}}},"6":{"name":"(anonymous_6)","decl":{"start":{"line":52,"column":27},"end":{"line":52,"column":28}},"loc":{"start":{"line":52,"column":36},"end":{"line":77,"column":3}}},"7":{"name":"(anonymous_7)","decl":{"start":{"line":77,"column":11},"end":{"line":77,"column":12}},"loc":{"start":{"line":77,"column":22},"end":{"line":79,"column":3}}},"8":{"name":"getUserData","decl":{"start":{"line":82,"column":16},"end":{"line":82,"column":27}},"loc":{"start":{"line":82,"column":32},"end":{"line":90,"column":1}}},"9":{"name":"(anonymous_9)","decl":{"start":{"line":83,"column":30},"end":{"line":83,"column":31}},"loc":{"start":{"line":83,"column":40},"end":{"line":89,"column":3}}},"10":{"name":"getVenueNames","decl":{"start":{"line":92,"column":9},"end":{"line":92,"column":22}},"loc":{"start":{"line":92,"column":33},"end":{"line":99,"column":1}}},"11":{"name":"(anonymous_11)","decl":{"start":{"line":93,"column":31},"end":{"line":93,"column":32}},"loc":{"start":{"line":93,"column":43},"end":{"line":98,"column":3}}},"12":{"name":"signIn","decl":{"start":{"line":101,"column":16},"end":{"line":101,"column":22}},"loc":{"start":{"line":101,"column":25},"end":{"line":126,"column":1}}},"13":{"name":"(anonymous_13)","decl":{"start":{"line":105,"column":41},"end":{"line":105,"column":42}},"loc":{"start":{"line":105,"column":55},"end":{"line":105,"column":84}}},"14":{"name":"(anonymous_14)","decl":{"start":{"line":107,"column":8},"end":{"line":107,"column":9}},"loc":{"start":{"line":107,"column":20},"end":{"line":123,"column":3}}},"15":{"name":"(anonymous_15)","decl":{"start":{"line":125,"column":9},"end":{"line":125,"column":10}},"loc":{"start":{"line":125,"column":18},"end":{"line":125,"column":44}}}},"branchMap":{"0":{"loc":{"start":{"line":69,"column":8},"end":{"line":71,"column":9}},"type":"if","locations":[{"start":{"line":69,"column":8},"end":{"line":71,"column":9}},{"start":{"line":69,"column":8},"end":{"line":71,"column":9}}]},"1":{"loc":{"start":{"line":85,"column":4},"end":{"line":87,"column":5}},"type":"if","locations":[{"start":{"line":85,"column":4},"end":{"line":87,"column":5}},{"start":{"line":85,"column":4},"end":{"line":87,"column":5}}]},"2":{"loc":{"start":{"line":95,"column":4},"end":{"line":97,"column":5}},"type":"if","locations":[{"start":{"line":95,"column":4},"end":{"line":97,"column":5}},{"start":{"line":95,"column":4},"end":{"line":97,"column":5}}]}},"s":{"0":3,"1":3,"2":3,"3":0,"4":0,"5":0,"6":0,"7":0,"8":0,"9":0,"10":0,"11":0,"12":0,"13":0,"14":0,"15":0,"16":0,"17":0,"18":0,"19":0,"20":0,"21":0,"22":0,"23":0,"24":0,"25":0,"26":0,"27":0,"28":0,"29":0,"30":0,"31":0,"32":0,"33":0,"34":0,"35":0,"36":0,"37":0,"38":0,"39":0,"40":0,"41":0,"42":0,"43":0,"44":0,"45":0,"46":0,"47":0,"48":0},"f":{"0":0,"1":0,"2":0,"3":0,"4":0,"5":0,"6":0,"7":0,"8":0,"9":0,"10":0,"11":0,"12":0,"13":0,"14":0,"15":0},"b":{"0":[0,0],"1":[0,0],"2":[0,0]},"_coverageSchema":"332fd63041d2c1bcb487cc26dd0d5f7d97098a6c","hash":"a48b18f5a65943ea7df08e9ed603c2deb21f0677"}
,"/Users/J/Desktop/HR/TotemWebApp/client/src/redux/actions/chatActions.js": {"path":"/Users/J/Desktop/HR/TotemWebApp/client/src/redux/actions/chatActions.js","statementMap":{"0":{"start":{"line":6,"column":14},"end":{"line":6,"column":39}},"1":{"start":{"line":7,"column":13},"end":{"line":7,"column":32}},"2":{"start":{"line":9,"column":18},"end":{"line":9,"column":50}},"3":{"start":{"line":10,"column":2},"end":{"line":20,"column":5}},"4":{"start":{"line":11,"column":27},"end":{"line":11,"column":41}},"5":{"start":{"line":13,"column":26},"end":{"line":13,"column":29}},"6":{"start":{"line":14,"column":6},"end":{"line":17,"column":7}},"7":{"start":{"line":19,"column":4},"end":{"line":19,"column":56}}},"fnMap":{"0":{"name":"setDefaultChat","decl":{"start":{"line":4,"column":16},"end":{"line":4,"column":30}},"loc":{"start":{"line":4,"column":36},"end":{"line":21,"column":1}}},"1":{"name":"(anonymous_1)","decl":{"start":{"line":10,"column":24},"end":{"line":10,"column":25}},"loc":{"start":{"line":10,"column":43},"end":{"line":18,"column":3}}},"2":{"name":"(anonymous_2)","decl":{"start":{"line":18,"column":5},"end":{"line":18,"column":6}},"loc":{"start":{"line":18,"column":28},"end":{"line":20,"column":3}}}},"branchMap":{},"s":{"0":0,"1":0,"2":0,"3":0,"4":0,"5":0,"6":0,"7":0},"f":{"0":0,"1":0,"2":0},"b":{},"_coverageSchema":"332fd63041d2c1bcb487cc26dd0d5f7d97098a6c","hash":"5b94b6473591818770c1c7a3407b6ea9c0116639"}
,"/Users/J/Desktop/HR/TotemWebApp/client/src/redux/actions/firebaseActions.js": {"path":"/Users/J/Desktop/HR/TotemWebApp/client/src/redux/actions/firebaseActions.js","statementMap":{"0":{"start":{"line":5,"column":13},"end":{"line":5,"column":32}},"1":{"start":{"line":6,"column":2},"end":{"line":8,"column":5}},"2":{"start":{"line":7,"column":4},"end":{"line":7,"column":28}},"3":{"start":{"line":12,"column":13},"end":{"line":12,"column":32}},"4":{"start":{"line":13,"column":14},"end":{"line":13,"column":33}},"5":{"start":{"line":15,"column":2},"end":{"line":17,"column":5}},"6":{"start":{"line":16,"column":4},"end":{"line":16,"column":28}},"7":{"start":{"line":21,"column":2},"end":{"line":21,"column":51}},"8":{"start":{"line":25,"column":2},"end":{"line":25,"column":51}},"9":{"start":{"line":29,"column":2},"end":{"line":29,"column":58}}},"fnMap":{"0":{"name":"firebaseOn","decl":{"start":{"line":4,"column":16},"end":{"line":4,"column":26}},"loc":{"start":{"line":4,"column":42},"end":{"line":9,"column":1}}},"1":{"name":"(anonymous_1)","decl":{"start":{"line":6,"column":33},"end":{"line":6,"column":34}},"loc":{"start":{"line":7,"column":4},"end":{"line":7,"column":28}}},"2":{"name":"firebaseOnce","decl":{"start":{"line":11,"column":16},"end":{"line":11,"column":28}},"loc":{"start":{"line":11,"column":44},"end":{"line":18,"column":1}}},"3":{"name":"(anonymous_3)","decl":{"start":{"line":15,"column":27},"end":{"line":15,"column":28}},"loc":{"start":{"line":16,"column":4},"end":{"line":16,"column":28}}},"4":{"name":"firebaseSet","decl":{"start":{"line":20,"column":16},"end":{"line":20,"column":27}},"loc":{"start":{"line":20,"column":42},"end":{"line":22,"column":1}}},"5":{"name":"firebaseUpdate","decl":{"start":{"line":24,"column":16},"end":{"line":24,"column":30}},"loc":{"start":{"line":24,"column":40},"end":{"line":26,"column":1}}},"6":{"name":"firebaseKeyGen","decl":{"start":{"line":28,"column":16},"end":{"line":28,"column":30}},"loc":{"start":{"line":28,"column":37},"end":{"line":30,"column":1}}}},"branchMap":{},"s":{"0":0,"1":0,"2":0,"3":0,"4":0,"5":0,"6":0,"7":0,"8":0,"9":0},"f":{"0":0,"1":0,"2":0,"3":0,"4":0,"5":0,"6":0},"b":{},"_coverageSchema":"332fd63041d2c1bcb487cc26dd0d5f7d97098a6c","hash":"2c8eeb78fc22e61060ef2342c0b7b2eb7535e22b"}
,"/Users/J/Desktop/HR/TotemWebApp/client/src/redux/actions/groupActions.js": {"path":"/Users/J/Desktop/HR/TotemWebApp/client/src/redux/actions/groupActions.js","statementMap":{"0":{"start":{"line":7,"column":2},"end":{"line":10,"column":5}},"1":{"start":{"line":12,"column":2},"end":{"line":14,"column":3}},"2":{"start":{"line":13,"column":4},"end":{"line":13,"column":25}},"3":{"start":{"line":16,"column":2},"end":{"line":22,"column":3}},"4":{"start":{"line":17,"column":4},"end":{"line":17,"column":58}},"5":{"start":{"line":21,"column":4},"end":{"line":21,"column":61}},"6":{"start":{"line":26,"column":2},"end":{"line":29,"column":5}},"7":{"start":{"line":33,"column":2},"end":{"line":36,"column":5}},"8":{"start":{"line":40,"column":2},"end":{"line":43,"column":5}},"9":{"start":{"line":47,"column":2},"end":{"line":50,"column":5}},"10":{"start":{"line":54,"column":2},"end":{"line":57,"column":5}}},"fnMap":{"0":{"name":"updateGroup","decl":{"start":{"line":6,"column":16},"end":{"line":6,"column":27}},"loc":{"start":{"line":6,"column":35},"end":{"line":23,"column":1}}},"1":{"name":"updateGroupName","decl":{"start":{"line":25,"column":16},"end":{"line":25,"column":31}},"loc":{"start":{"line":25,"column":38},"end":{"line":30,"column":1}}},"2":{"name":"updateVenueId","decl":{"start":{"line":32,"column":16},"end":{"line":32,"column":29}},"loc":{"start":{"line":32,"column":34},"end":{"line":37,"column":1}}},"3":{"name":"updateGroupKeys","decl":{"start":{"line":39,"column":16},"end":{"line":39,"column":31}},"loc":{"start":{"line":39,"column":38},"end":{"line":44,"column":1}}},"4":{"name":"updateGroupMember","decl":{"start":{"line":46,"column":16},"end":{"line":46,"column":33}},"loc":{"start":{"line":46,"column":45},"end":{"line":51,"column":1}}},"5":{"name":"showGroupMemberInfo","decl":{"start":{"line":53,"column":16},"end":{"line":53,"column":35}},"loc":{"start":{"line":53,"column":41},"end":{"line":58,"column":1}}}},"branchMap":{"0":{"loc":{"start":{"line":16,"column":2},"end":{"line":22,"column":3}},"type":"if","locations":[{"start":{"line":16,"column":2},"end":{"line":22,"column":3}},{"start":{"line":16,"column":2},"end":{"line":22,"column":3}}]}},"s":{"0":0,"1":0,"2":0,"3":0,"4":0,"5":0,"6":0,"7":0,"8":0,"9":0,"10":0},"f":{"0":0,"1":0,"2":0,"3":0,"4":0,"5":0},"b":{"0":[0,0]},"_coverageSchema":"332fd63041d2c1bcb487cc26dd0d5f7d97098a6c","hash":"87fbc8bc0fcfc7854568762ccc7341562dc4cf9b"}
,"/Users/J/Desktop/HR/TotemWebApp/client/src/redux/actions/index.js": {"path":"/Users/J/Desktop/HR/TotemWebApp/client/src/redux/actions/index.js","statementMap":{},"fnMap":{},"branchMap":{},"s":{},"f":{},"b":{},"_coverageSchema":"332fd63041d2c1bcb487cc26dd0d5f7d97098a6c","hash":"e1765269e4ee811305809a473d9a4dc2b89acea3"}
,"/Users/J/Desktop/HR/TotemWebApp/client/src/redux/actions/locationActions.js": {"path":"/Users/J/Desktop/HR/TotemWebApp/client/src/redux/actions/locationActions.js","statementMap":{"0":{"start":{"line":8,"column":2},"end":{"line":10,"column":5}},"1":{"start":{"line":9,"column":4},"end":{"line":9,"column":36}},"2":{"start":{"line":16,"column":4},"end":{"line":16,"column":21}},"3":{"start":{"line":17,"column":16},"end":{"line":17,"column":41}},"4":{"start":{"line":18,"column":4},"end":{"line":33,"column":5}},"5":{"start":{"line":19,"column":6},"end":{"line":22,"column":9}},"6":{"start":{"line":23,"column":11},"end":{"line":33,"column":5}},"7":{"start":{"line":24,"column":6},"end":{"line":27,"column":9}},"8":{"start":{"line":29,"column":6},"end":{"line":32,"column":9}},"9":{"start":{"line":37,"column":4},"end":{"line":37,"column":60}},"10":{"start":{"line":40,"column":18},"end":{"line":44,"column":3}},"11":{"start":{"line":46,"column":2},"end":{"line":46,"column":63}},"12":{"start":{"line":50,"column":20},"end":{"line":50,"column":52}},"13":{"start":{"line":52,"column":2},"end":{"line":61,"column":3}},"14":{"start":{"line":53,"column":18},"end":{"line":53,"column":32}},"15":{"start":{"line":54,"column":20},"end":{"line":54,"column":44}},"16":{"start":{"line":55,"column":20},"end":{"line":55,"column":62}},"17":{"start":{"line":56,"column":21},"end":{"line":56,"column":64}},"18":{"start":{"line":58,"column":4},"end":{"line":60,"column":5}},"19":{"start":{"line":59,"column":6},"end":{"line":59,"column":24}},"20":{"start":{"line":62,"column":2},"end":{"line":62,"column":12}},"21":{"start":{"line":66,"column":2},"end":{"line":66,"column":25}}},"fnMap":{"0":{"name":"addUserListener","decl":{"start":{"line":7,"column":16},"end":{"line":7,"column":31}},"loc":{"start":{"line":7,"column":40},"end":{"line":11,"column":1}}},"1":{"name":"(anonymous_1)","decl":{"start":{"line":8,"column":33},"end":{"line":8,"column":34}},"loc":{"start":{"line":8,"column":43},"end":{"line":10,"column":3}}},"2":{"name":"geolocate","decl":{"start":{"line":14,"column":16},"end":{"line":14,"column":25}},"loc":{"start":{"line":14,"column":28},"end":{"line":47,"column":1}}},"3":{"name":"success","decl":{"start":{"line":15,"column":11},"end":{"line":15,"column":18}},"loc":{"start":{"line":15,"column":24},"end":{"line":34,"column":3}}},"4":{"name":"error","decl":{"start":{"line":36,"column":11},"end":{"line":36,"column":16}},"loc":{"start":{"line":36,"column":22},"end":{"line":38,"column":3}}},"5":{"name":"getGeofence","decl":{"start":{"line":49,"column":16},"end":{"line":49,"column":27}},"loc":{"start":{"line":49,"column":41},"end":{"line":63,"column":1}}},"6":{"name":"getDegrees","decl":{"start":{"line":65,"column":9},"end":{"line":65,"column":19}},"loc":{"start":{"line":65,"column":28},"end":{"line":67,"column":1}}}},"branchMap":{"0":{"loc":{"start":{"line":18,"column":4},"end":{"line":33,"column":5}},"type":"if","locations":[{"start":{"line":18,"column":4},"end":{"line":33,"column":5}},{"start":{"line":18,"column":4},"end":{"line":33,"column":5}}]},"1":{"loc":{"start":{"line":23,"column":11},"end":{"line":33,"column":5}},"type":"if","locations":[{"start":{"line":23,"column":11},"end":{"line":33,"column":5}},{"start":{"line":23,"column":11},"end":{"line":33,"column":5}}]},"2":{"loc":{"start":{"line":58,"column":4},"end":{"line":60,"column":5}},"type":"if","locations":[{"start":{"line":58,"column":4},"end":{"line":60,"column":5}},{"start":{"line":58,"column":4},"end":{"line":60,"column":5}}]},"3":{"loc":{"start":{"line":58,"column":8},"end":{"line":58,"column":47}},"type":"binary-expr","locations":[{"start":{"line":58,"column":8},"end":{"line":58,"column":25}},{"start":{"line":58,"column":29},"end":{"line":58,"column":47}}]}},"s":{"0":0,"1":0,"2":0,"3":0,"4":0,"5":0,"6":0,"7":0,"8":0,"9":0,"10":0,"11":0,"12":0,"13":0,"14":0,"15":0,"16":0,"17":0,"18":0,"19":0,"20":0,"21":0},"f":{"0":0,"1":0,"2":0,"3":0,"4":0,"5":0,"6":0},"b":{"0":[0,0],"1":[0,0],"2":[0,0],"3":[0,0]},"_coverageSchema":"332fd63041d2c1bcb487cc26dd0d5f7d97098a6c","hash":"894a5e59ea5a6c3dc2b47daf5eecc38dd3270051"}
,"/Users/J/Desktop/HR/TotemWebApp/client/src/redux/actions/sortActions.js": {"path":"/Users/J/Desktop/HR/TotemWebApp/client/src/redux/actions/sortActions.js","statementMap":{"0":{"start":{"line":5,"column":2},"end":{"line":8,"column":5}},"1":{"start":{"line":11,"column":20},"end":{"line":36,"column":1}},"2":{"start":{"line":13,"column":4},"end":{"line":13,"column":36}},"3":{"start":{"line":13,"column":26},"end":{"line":13,"column":36}},"4":{"start":{"line":14,"column":4},"end":{"line":14,"column":35}},"5":{"start":{"line":14,"column":26},"end":{"line":14,"column":35}},"6":{"start":{"line":15,"column":4},"end":{"line":15,"column":13}},"7":{"start":{"line":19,"column":19},"end":{"line":19,"column":42}},"8":{"start":{"line":20,"column":19},"end":{"line":20,"column":42}},"9":{"start":{"line":22,"column":4},"end":{"line":22,"column":34}},"10":{"start":{"line":22,"column":24},"end":{"line":22,"column":34}},"11":{"start":{"line":23,"column":4},"end":{"line":23,"column":33}},"12":{"start":{"line":23,"column":24},"end":{"line":23,"column":33}},"13":{"start":{"line":24,"column":4},"end":{"line":24,"column":13}},"14":{"start":{"line":28,"column":18},"end":{"line":28,"column":48}},"15":{"start":{"line":29,"column":16},"end":{"line":29,"column":41}},"16":{"start":{"line":30,"column":23},"end":{"line":30,"column":42}},"17":{"start":{"line":31,"column":18},"end":{"line":31,"column":53}},"18":{"start":{"line":32,"column":18},"end":{"line":32,"column":53}},"19":{"start":{"line":34,"column":4},"end":{"line":34,"column":25}},"20":{"start":{"line":39,"column":2},"end":{"line":40,"column":38}}},"fnMap":{"0":{"name":"sortUsers","decl":{"start":{"line":4,"column":16},"end":{"line":4,"column":25}},"loc":{"start":{"line":4,"column":34},"end":{"line":9,"column":1}}},"1":{"name":"sortAZ","decl":{"start":{"line":12,"column":19},"end":{"line":12,"column":25}},"loc":{"start":{"line":12,"column":32},"end":{"line":16,"column":3}}},"2":{"name":"sortGeofence","decl":{"start":{"line":18,"column":21},"end":{"line":18,"column":33}},"loc":{"start":{"line":18,"column":40},"end":{"line":25,"column":3}}},"3":{"name":"sortProximity","decl":{"start":{"line":27,"column":22},"end":{"line":27,"column":35}},"loc":{"start":{"line":27,"column":42},"end":{"line":35,"column":3}}},"4":{"name":"getDistance","decl":{"start":{"line":38,"column":9},"end":{"line":38,"column":20}},"loc":{"start":{"line":38,"column":35},"end":{"line":41,"column":1}}}},"branchMap":{"0":{"loc":{"start":{"line":13,"column":4},"end":{"line":13,"column":36}},"type":"if","locations":[{"start":{"line":13,"column":4},"end":{"line":13,"column":36}},{"start":{"line":13,"column":4},"end":{"line":13,"column":36}}]},"1":{"loc":{"start":{"line":14,"column":4},"end":{"line":14,"column":35}},"type":"if","locations":[{"start":{"line":14,"column":4},"end":{"line":14,"column":35}},{"start":{"line":14,"column":4},"end":{"line":14,"column":35}}]},"2":{"loc":{"start":{"line":22,"column":4},"end":{"line":22,"column":34}},"type":"if","locations":[{"start":{"line":22,"column":4},"end":{"line":22,"column":34}},{"start":{"line":22,"column":4},"end":{"line":22,"column":34}}]},"3":{"loc":{"start":{"line":23,"column":4},"end":{"line":23,"column":33}},"type":"if","locations":[{"start":{"line":23,"column":4},"end":{"line":23,"column":33}},{"start":{"line":23,"column":4},"end":{"line":23,"column":33}}]}},"s":{"0":0,"1":2,"2":0,"3":0,"4":0,"5":0,"6":0,"7":0,"8":0,"9":0,"10":0,"11":0,"12":0,"13":0,"14":0,"15":0,"16":0,"17":0,"18":0,"19":0,"20":0},"f":{"0":0,"1":0,"2":0,"3":0,"4":0},"b":{"0":[0,0],"1":[0,0],"2":[0,0],"3":[0,0]},"_coverageSchema":"332fd63041d2c1bcb487cc26dd0d5f7d97098a6c","hash":"2d5031a96691d4b320cea6edd3f930b478901db2"}
,"/Users/J/Desktop/HR/TotemWebApp/client/src/redux/actions/userActions.js": {"path":"/Users/J/Desktop/HR/TotemWebApp/client/src/redux/actions/userActions.js","statementMap":{"0":{"start":{"line":6,"column":2},"end":{"line":9,"column":4}},"1":{"start":{"line":13,"column":2},"end":{"line":16,"column":5}},"2":{"start":{"line":18,"column":2},"end":{"line":18,"column":45}},"3":{"start":{"line":22,"column":2},"end":{"line":25,"column":5}}},"fnMap":{"0":{"name":"updateUserData","decl":{"start":{"line":5,"column":16},"end":{"line":5,"column":30}},"loc":{"start":{"line":5,"column":37},"end":{"line":10,"column":1}}},"1":{"name":"updateUserGroupID","decl":{"start":{"line":12,"column":16},"end":{"line":12,"column":33}},"loc":{"start":{"line":12,"column":38},"end":{"line":19,"column":1}}},"2":{"name":"initialUserData","decl":{"start":{"line":21,"column":16},"end":{"line":21,"column":31}},"loc":{"start":{"line":21,"column":38},"end":{"line":26,"column":1}}}},"branchMap":{},"s":{"0":1,"1":0,"2":0,"3":0},"f":{"0":1,"1":0,"2":0},"b":{},"_coverageSchema":"332fd63041d2c1bcb487cc26dd0d5f7d97098a6c","hash":"99481c94699a14a6261608b33217542aa8ad40a8"}
,"/Users/J/Desktop/HR/TotemWebApp/client/src/redux/actions/venueActions.js": {"path":"/Users/J/Desktop/HR/TotemWebApp/client/src/redux/actions/venueActions.js","statementMap":{"0":{"start":{"line":4,"column":2},"end":{"line":7,"column":5}},"1":{"start":{"line":9,"column":2},"end":{"line":9,"column":59}},"2":{"start":{"line":13,"column":2},"end":{"line":16,"column":5}}},"fnMap":{"0":{"name":"updateVenue","decl":{"start":{"line":3,"column":16},"end":{"line":3,"column":27}},"loc":{"start":{"line":3,"column":35},"end":{"line":10,"column":1}}},"1":{"name":"updateVenueNames","decl":{"start":{"line":12,"column":16},"end":{"line":12,"column":32}},"loc":{"start":{"line":12,"column":41},"end":{"line":17,"column":1}}}},"branchMap":{},"s":{"0":0,"1":0,"2":0},"f":{"0":0,"1":0},"b":{},"_coverageSchema":"332fd63041d2c1bcb487cc26dd0d5f7d97098a6c","hash":"00417541e761c9c427db7b5b6dc9dee7b33d8c71"}
,"/Users/J/Desktop/HR/TotemWebApp/client/src/redux/actions/venueScheduleActions.js": {"path":"/Users/J/Desktop/HR/TotemWebApp/client/src/redux/actions/venueScheduleActions.js","statementMap":{"0":{"start":{"line":4,"column":2},"end":{"line":7,"column":5}},"1":{"start":{"line":11,"column":2},"end":{"line":14,"column":5}},"2":{"start":{"line":18,"column":17},"end":{"line":18,"column":19}},"3":{"start":{"line":19,"column":15},"end":{"line":19,"column":17}},"4":{"start":{"line":21,"column":2},"end":{"line":25,"column":3}},"5":{"start":{"line":22,"column":17},"end":{"line":22,"column":35}},"6":{"start":{"line":23,"column":4},"end":{"line":23,"column":42}},"7":{"start":{"line":24,"column":4},"end":{"line":24,"column":43}},"8":{"start":{"line":27,"column":2},"end":{"line":27,"column":53}},"9":{"start":{"line":31,"column":9},"end":{"line":31,"column":11}},"10":{"start":{"line":32,"column":2},"end":{"line":37,"column":3}},"11":{"start":{"line":33,"column":15},"end":{"line":33,"column":32}},"12":{"start":{"line":34,"column":4},"end":{"line":36,"column":5}},"13":{"start":{"line":35,"column":6},"end":{"line":35,"column":26}},"14":{"start":{"line":38,"column":2},"end":{"line":38,"column":25}},"15":{"start":{"line":42,"column":18},"end":{"line":42,"column":20}},"16":{"start":{"line":43,"column":12},"end":{"line":43,"column":32}},"17":{"start":{"line":45,"column":2},"end":{"line":45,"column":24}},"18":{"start":{"line":46,"column":2},"end":{"line":46,"column":24}},"19":{"start":{"line":47,"column":2},"end":{"line":47,"column":25}},"20":{"start":{"line":48,"column":2},"end":{"line":48,"column":27}},"21":{"start":{"line":49,"column":2},"end":{"line":49,"column":26}},"22":{"start":{"line":50,"column":2},"end":{"line":50,"column":24}},"23":{"start":{"line":51,"column":2},"end":{"line":51,"column":26}},"24":{"start":{"line":53,"column":2},"end":{"line":53,"column":29}}},"fnMap":{"0":{"name":"updateDay","decl":{"start":{"line":3,"column":16},"end":{"line":3,"column":25}},"loc":{"start":{"line":3,"column":31},"end":{"line":8,"column":1}}},"1":{"name":"updateStage","decl":{"start":{"line":10,"column":16},"end":{"line":10,"column":27}},"loc":{"start":{"line":10,"column":35},"end":{"line":15,"column":1}}},"2":{"name":"getStagesAndDays","decl":{"start":{"line":17,"column":16},"end":{"line":17,"column":32}},"loc":{"start":{"line":17,"column":48},"end":{"line":28,"column":1}}},"3":{"name":"getArtist","decl":{"start":{"line":30,"column":16},"end":{"line":30,"column":25}},"loc":{"start":{"line":30,"column":37},"end":{"line":39,"column":1}}},"4":{"name":"generateDay","decl":{"start":{"line":41,"column":9},"end":{"line":41,"column":20}},"loc":{"start":{"line":41,"column":33},"end":{"line":54,"column":1}}}},"branchMap":{"0":{"loc":{"start":{"line":34,"column":4},"end":{"line":36,"column":5}},"type":"if","locations":[{"start":{"line":34,"column":4},"end":{"line":36,"column":5}},{"start":{"line":34,"column":4},"end":{"line":36,"column":5}}]},"1":{"loc":{"start":{"line":34,"column":7},"end":{"line":34,"column":64}},"type":"binary-expr","locations":[{"start":{"line":34,"column":7},"end":{"line":34,"column":30}},{"start":{"line":34,"column":34},"end":{"line":34,"column":64}}]}},"s":{"0":0,"1":0,"2":0,"3":0,"4":0,"5":0,"6":0,"7":0,"8":0,"9":0,"10":0,"11":0,"12":0,"13":0,"14":0,"15":0,"16":0,"17":0,"18":0,"19":0,"20":0,"21":0,"22":0,"23":0,"24":0},"f":{"0":0,"1":0,"2":0,"3":0,"4":0},"b":{"0":[0,0],"1":[0,0]},"_coverageSchema":"332fd63041d2c1bcb487cc26dd0d5f7d97098a6c","hash":"9f968cdcefbb3d929b5b34a5adc9dabfbaa9312c"}
,"/Users/J/Desktop/HR/TotemWebApp/client/src/redux/reducers/appReducer.js": {"path":"/Users/J/Desktop/HR/TotemWebApp/client/src/redux/reducers/appReducer.js","statementMap":{"0":{"start":{"line":1,"column":17},"end":{"line":17,"column":1}},"1":{"start":{"line":20,"column":2},"end":{"line":35,"column":3}},"2":{"start":{"line":22,"column":6},"end":{"line":22,"column":41}},"3":{"start":{"line":25,"column":6},"end":{"line":25,"column":42}},"4":{"start":{"line":28,"column":6},"end":{"line":28,"column":71}},"5":{"start":{"line":28,"column":31},"end":{"line":28,"column":71}},"6":{"start":{"line":29,"column":6},"end":{"line":29,"column":47}},"7":{"start":{"line":32,"column":6},"end":{"line":32,"column":75}},"8":{"start":{"line":32,"column":33},"end":{"line":32,"column":75}},"9":{"start":{"line":33,"column":6},"end":{"line":33,"column":49}},"10":{"start":{"line":36,"column":2},"end":{"line":36,"column":15}}},"fnMap":{"0":{"name":"appReducer","decl":{"start":{"line":19,"column":24},"end":{"line":19,"column":34}},"loc":{"start":{"line":19,"column":61},"end":{"line":37,"column":1}}}},"branchMap":{"0":{"loc":{"start":{"line":19,"column":35},"end":{"line":19,"column":51}},"type":"default-arg","locations":[{"start":{"line":19,"column":43},"end":{"line":19,"column":51}}]},"1":{"loc":{"start":{"line":20,"column":2},"end":{"line":35,"column":3}},"type":"switch","locations":[{"start":{"line":21,"column":4},"end":{"line":23,"column":5}},{"start":{"line":24,"column":4},"end":{"line":26,"column":5}},{"start":{"line":27,"column":4},"end":{"line":30,"column":5}},{"start":{"line":31,"column":4},"end":{"line":34,"column":5}}]},"2":{"loc":{"start":{"line":28,"column":6},"end":{"line":28,"column":71}},"type":"if","locations":[{"start":{"line":28,"column":6},"end":{"line":28,"column":71}},{"start":{"line":28,"column":6},"end":{"line":28,"column":71}}]},"3":{"loc":{"start":{"line":32,"column":6},"end":{"line":32,"column":75}},"type":"if","locations":[{"start":{"line":32,"column":6},"end":{"line":32,"column":75}},{"start":{"line":32,"column":6},"end":{"line":32,"column":75}}]}},"s":{"0":5,"1":20,"2":1,"3":1,"4":2,"5":1,"6":1,"7":2,"8":1,"9":1,"10":14},"f":{"0":20},"b":{"0":[17],"1":[1,1,2,2],"2":[1,1],"3":[1,1]},"_coverageSchema":"332fd63041d2c1bcb487cc26dd0d5f7d97098a6c","hash":"e9057f023278f7c576e1fa4a3e61149ef73f174f"}
,"/Users/J/Desktop/HR/TotemWebApp/client/src/redux/reducers/authenticationReducer.js": {"path":"/Users/J/Desktop/HR/TotemWebApp/client/src/redux/reducers/authenticationReducer.js","statementMap":{"0":{"start":{"line":1,"column":17},"end":{"line":6,"column":1}},"1":{"start":{"line":9,"column":2},"end":{"line":30,"column":3}},"2":{"start":{"line":11,"column":6},"end":{"line":15,"column":8}},"3":{"start":{"line":17,"column":6},"end":{"line":20,"column":8}},"4":{"start":{"line":22,"column":31},"end":{"line":22,"column":37}},"5":{"start":{"line":23,"column":6},"end":{"line":27,"column":8}},"6":{"start":{"line":29,"column":6},"end":{"line":29,"column":19}}},"fnMap":{"0":{"name":"auth","decl":{"start":{"line":8,"column":24},"end":{"line":8,"column":28}},"loc":{"start":{"line":8,"column":55},"end":{"line":31,"column":1}}}},"branchMap":{"0":{"loc":{"start":{"line":8,"column":29},"end":{"line":8,"column":45}},"type":"default-arg","locations":[{"start":{"line":8,"column":37},"end":{"line":8,"column":45}}]},"1":{"loc":{"start":{"line":9,"column":2},"end":{"line":30,"column":3}},"type":"switch","locations":[{"start":{"line":10,"column":4},"end":{"line":15,"column":8}},{"start":{"line":16,"column":4},"end":{"line":20,"column":8}},{"start":{"line":21,"column":4},"end":{"line":27,"column":8}},{"start":{"line":28,"column":4},"end":{"line":29,"column":19}}]}},"s":{"0":4,"1":13,"2":0,"3":0,"4":0,"5":0,"6":13},"f":{"0":13},"b":{"0":[12],"1":[0,0,0,13]},"_coverageSchema":"332fd63041d2c1bcb487cc26dd0d5f7d97098a6c","hash":"370e2f0ef74f59229fdd6666341ec624e5842b7a"}
,"/Users/J/Desktop/HR/TotemWebApp/client/src/redux/reducers/chatReducer.js": {"path":"/Users/J/Desktop/HR/TotemWebApp/client/src/redux/reducers/chatReducer.js","statementMap":{"0":{"start":{"line":1,"column":17},"end":{"line":4,"column":1}},"1":{"start":{"line":7,"column":2},"end":{"line":14,"column":3}},"2":{"start":{"line":9,"column":6},"end":{"line":12,"column":8}},"3":{"start":{"line":15,"column":2},"end":{"line":15,"column":15}}},"fnMap":{"0":{"name":"chatReducer","decl":{"start":{"line":6,"column":24},"end":{"line":6,"column":35}},"loc":{"start":{"line":6,"column":62},"end":{"line":16,"column":1}}}},"branchMap":{"0":{"loc":{"start":{"line":6,"column":36},"end":{"line":6,"column":52}},"type":"default-arg","locations":[{"start":{"line":6,"column":44},"end":{"line":6,"column":52}}]},"1":{"loc":{"start":{"line":7,"column":2},"end":{"line":14,"column":3}},"type":"switch","locations":[{"start":{"line":8,"column":4},"end":{"line":13,"column":5}}]}},"s":{"0":4,"1":13,"2":0,"3":13},"f":{"0":13},"b":{"0":[12],"1":[0]},"_coverageSchema":"332fd63041d2c1bcb487cc26dd0d5f7d97098a6c","hash":"8f8b739ee7dad4e3fdf375270566838eaae1662d"}
,"/Users/J/Desktop/HR/TotemWebApp/client/src/redux/reducers/groupReducer.js": {"path":"/Users/J/Desktop/HR/TotemWebApp/client/src/redux/reducers/groupReducer.js","statementMap":{"0":{"start":{"line":1,"column":17},"end":{"line":6,"column":1}},"1":{"start":{"line":9,"column":2},"end":{"line":52,"column":3}},"2":{"start":{"line":11,"column":19},"end":{"line":11,"column":38}},"3":{"start":{"line":12,"column":18},"end":{"line":12,"column":36}},"4":{"start":{"line":13,"column":23},"end":{"line":18,"column":7}},"5":{"start":{"line":19,"column":6},"end":{"line":19,"column":35}},"6":{"start":{"line":20,"column":6},"end":{"line":20,"column":22}},"7":{"start":{"line":23,"column":22},"end":{"line":23,"column":47}},"8":{"start":{"line":24,"column":26},"end":{"line":24,"column":61}},"9":{"start":{"line":25,"column":6},"end":{"line":25,"column":56}},"10":{"start":{"line":28,"column":6},"end":{"line":28,"column":59}},"11":{"start":{"line":31,"column":18},"end":{"line":31,"column":32}},"12":{"start":{"line":32,"column":23},"end":{"line":37,"column":7}},"13":{"start":{"line":38,"column":6},"end":{"line":40,"column":44}},"14":{"start":{"line":41,"column":6},"end":{"line":41,"column":22}},"15":{"start":{"line":44,"column":6},"end":{"line":44,"column":50}},"16":{"start":{"line":47,"column":6},"end":{"line":47,"column":57}},"17":{"start":{"line":50,"column":6},"end":{"line":50,"column":54}},"18":{"start":{"line":53,"column":2},"end":{"line":53,"column":15}},"19":{"start":{"line":57,"column":17},"end":{"line":57,"column":19}},"20":{"start":{"line":58,"column":2},"end":{"line":61,"column":3}},"21":{"start":{"line":59,"column":19},"end":{"line":59,"column":44}},"22":{"start":{"line":60,"column":4},"end":{"line":60,"column":24}},"23":{"start":{"line":62,"column":2},"end":{"line":62,"column":16}},"24":{"start":{"line":66,"column":17},"end":{"line":66,"column":19}},"25":{"start":{"line":67,"column":2},"end":{"line":69,"column":3}},"26":{"start":{"line":68,"column":4},"end":{"line":68,"column":28}},"27":{"start":{"line":70,"column":2},"end":{"line":70,"column":16}}},"fnMap":{"0":{"name":"groupReducer","decl":{"start":{"line":8,"column":24},"end":{"line":8,"column":36}},"loc":{"start":{"line":8,"column":63},"end":{"line":54,"column":1}}},"1":{"name":"objToArray","decl":{"start":{"line":56,"column":9},"end":{"line":56,"column":19}},"loc":{"start":{"line":56,"column":25},"end":{"line":63,"column":1}}},"2":{"name":"arrToObj","decl":{"start":{"line":65,"column":9},"end":{"line":65,"column":17}},"loc":{"start":{"line":65,"column":23},"end":{"line":71,"column":1}}}},"branchMap":{"0":{"loc":{"start":{"line":8,"column":37},"end":{"line":8,"column":53}},"type":"default-arg","locations":[{"start":{"line":8,"column":45},"end":{"line":8,"column":53}}]},"1":{"loc":{"start":{"line":9,"column":2},"end":{"line":52,"column":3}},"type":"switch","locations":[{"start":{"line":10,"column":4},"end":{"line":21,"column":5}},{"start":{"line":22,"column":4},"end":{"line":26,"column":5}},{"start":{"line":27,"column":4},"end":{"line":29,"column":5}},{"start":{"line":30,"column":4},"end":{"line":42,"column":5}},{"start":{"line":43,"column":4},"end":{"line":45,"column":5}},{"start":{"line":46,"column":4},"end":{"line":48,"column":5}},{"start":{"line":49,"column":4},"end":{"line":51,"column":5}}]},"2":{"loc":{"start":{"line":38,"column":6},"end":{"line":40,"column":43}},"type":"cond-expr","locations":[{"start":{"line":39,"column":6},"end":{"line":39,"column":70}},{"start":{"line":40,"column":6},"end":{"line":40,"column":43}}]}},"s":{"0":4,"1":16,"2":1,"3":1,"4":1,"5":1,"6":1,"7":1,"8":1,"9":1,"10":0,"11":0,"12":0,"13":0,"14":0,"15":0,"16":0,"17":0,"18":14,"19":1,"20":1,"21":0,"22":0,"23":1,"24":1,"25":1,"26":0,"27":1},"f":{"0":16,"1":1,"2":1},"b":{"0":[14],"1":[1,1,0,0,0,0,0],"2":[0,0]},"_coverageSchema":"332fd63041d2c1bcb487cc26dd0d5f7d97098a6c","hash":"80b735d7bdb964f85489858422ea7e8886e06a1b"}
,"/Users/J/Desktop/HR/TotemWebApp/client/src/redux/reducers/index.js": {"path":"/Users/J/Desktop/HR/TotemWebApp/client/src/redux/reducers/index.js","statementMap":{},"fnMap":{},"branchMap":{},"s":{},"f":{},"b":{},"_coverageSchema":"332fd63041d2c1bcb487cc26dd0d5f7d97098a6c","hash":"710d19ed6681361cb4bc3d6e3bf4b04b7f533d23"}
,"/Users/J/Desktop/HR/TotemWebApp/client/src/redux/reducers/mock_fb_friend_list.js": {"path":"/Users/J/Desktop/HR/TotemWebApp/client/src/redux/reducers/mock_fb_friend_list.js","statementMap":{"0":{"start":{"line":1,"column":0},"end":{"line":44,"column":2}}},"fnMap":{},"branchMap":{},"s":{"0":4},"f":{},"b":{},"_coverageSchema":"332fd63041d2c1bcb487cc26dd0d5f7d97098a6c","hash":"a56488d0bd877634946acf3a8d1503706a6aa49e"}
,"/Users/J/Desktop/HR/TotemWebApp/client/src/redux/reducers/userReducer.js": {"path":"/Users/J/Desktop/HR/TotemWebApp/client/src/redux/reducers/userReducer.js","statementMap":{"0":{"start":{"line":1,"column":22},"end":{"line":1,"column":54}},"1":{"start":{"line":3,"column":17},"end":{"line":11,"column":1}},"2":{"start":{"line":14,"column":2},"end":{"line":44,"column":3}},"3":{"start":{"line":16,"column":6},"end":{"line":21,"column":8}},"4":{"start":{"line":23,"column":6},"end":{"line":23,"column":47}},"5":{"start":{"line":26,"column":6},"end":{"line":26,"column":54}},"6":{"start":{"line":29,"column":6},"end":{"line":29,"column":57}},"7":{"start":{"line":32,"column":6},"end":{"line":32,"column":57}},"8":{"start":{"line":35,"column":23},"end":{"line":35,"column":35}},"9":{"start":{"line":36,"column":6},"end":{"line":38,"column":7}},"10":{"start":{"line":37,"column":8},"end":{"line":37,"column":64}},"11":{"start":{"line":39,"column":6},"end":{"line":41,"column":7}},"12":{"start":{"line":40,"column":8},"end":{"line":40,"column":53}},"13":{"start":{"line":42,"column":6},"end":{"line":42,"column":22}},"14":{"start":{"line":45,"column":2},"end":{"line":45,"column":15}}},"fnMap":{"0":{"name":"userReducer","decl":{"start":{"line":13,"column":24},"end":{"line":13,"column":35}},"loc":{"start":{"line":13,"column":62},"end":{"line":46,"column":1}}}},"branchMap":{"0":{"loc":{"start":{"line":13,"column":36},"end":{"line":13,"column":52}},"type":"default-arg","locations":[{"start":{"line":13,"column":44},"end":{"line":13,"column":52}}]},"1":{"loc":{"start":{"line":14,"column":2},"end":{"line":44,"column":3}},"type":"switch","locations":[{"start":{"line":15,"column":4},"end":{"line":21,"column":8}},{"start":{"line":22,"column":4},"end":{"line":24,"column":5}},{"start":{"line":25,"column":4},"end":{"line":27,"column":5}},{"start":{"line":28,"column":4},"end":{"line":30,"column":5}},{"start":{"line":31,"column":4},"end":{"line":33,"column":5}},{"start":{"line":34,"column":4},"end":{"line":43,"column":5}}]},"2":{"loc":{"start":{"line":36,"column":6},"end":{"line":38,"column":7}},"type":"if","locations":[{"start":{"line":36,"column":6},"end":{"line":38,"column":7}},{"start":{"line":36,"column":6},"end":{"line":38,"column":7}}]},"3":{"loc":{"start":{"line":39,"column":6},"end":{"line":41,"column":7}},"type":"if","locations":[{"start":{"line":39,"column":6},"end":{"line":41,"column":7}},{"start":{"line":39,"column":6},"end":{"line":41,"column":7}}]}},"s":{"0":4,"1":4,"2":13,"3":0,"4":0,"5":0,"6":0,"7":0,"8":0,"9":0,"10":0,"11":0,"12":0,"13":0,"14":13},"f":{"0":13},"b":{"0":[12],"1":[0,0,0,0,0,0],"2":[0,0],"3":[0,0]},"_coverageSchema":"332fd63041d2c1bcb487cc26dd0d5f7d97098a6c","hash":"e23135102ce9e15f7f5c4392681607e7b45d42a5"}
,"/Users/J/Desktop/HR/TotemWebApp/client/src/redux/reducers/venueReducer.js": {"path":"/Users/J/Desktop/HR/TotemWebApp/client/src/redux/reducers/venueReducer.js","statementMap":{"0":{"start":{"line":1,"column":17},"end":{"line":5,"column":1}},"1":{"start":{"line":8,"column":2},"end":{"line":22,"column":3}},"2":{"start":{"line":10,"column":6},"end":{"line":14,"column":8}},"3":{"start":{"line":17,"column":6},"end":{"line":20,"column":8}},"4":{"start":{"line":24,"column":2},"end":{"line":24,"column":15}}},"fnMap":{"0":{"name":"configReducer","decl":{"start":{"line":7,"column":24},"end":{"line":7,"column":37}},"loc":{"start":{"line":7,"column":64},"end":{"line":25,"column":1}}}},"branchMap":{"0":{"loc":{"start":{"line":7,"column":38},"end":{"line":7,"column":54}},"type":"default-arg","locations":[{"start":{"line":7,"column":46},"end":{"line":7,"column":54}}]},"1":{"loc":{"start":{"line":8,"column":2},"end":{"line":22,"column":3}},"type":"switch","locations":[{"start":{"line":9,"column":4},"end":{"line":15,"column":5}},{"start":{"line":16,"column":4},"end":{"line":21,"column":5}}]}},"s":{"0":4,"1":13,"2":0,"3":0,"4":13},"f":{"0":13},"b":{"0":[12],"1":[0,0]},"_coverageSchema":"332fd63041d2c1bcb487cc26dd0d5f7d97098a6c","hash":"d65b9b249ad7cdcfbf249864353a2678c1982913"}
,"/Users/J/Desktop/HR/TotemWebApp/client/src/redux/reducers/venueScheduleReducer.js": {"path":"/Users/J/Desktop/HR/TotemWebApp/client/src/redux/reducers/venueScheduleReducer.js","statementMap":{"0":{"start":{"line":1,"column":17},"end":{"line":5,"column":1}},"1":{"start":{"line":8,"column":2},"end":{"line":24,"column":3}},"2":{"start":{"line":10,"column":6},"end":{"line":10,"column":59}},"3":{"start":{"line":13,"column":6},"end":{"line":13,"column":63}},"4":{"start":{"line":16,"column":6},"end":{"line":16,"column":57}},"5":{"start":{"line":19,"column":6},"end":{"line":19,"column":57}},"6":{"start":{"line":22,"column":6},"end":{"line":22,"column":57}},"7":{"start":{"line":25,"column":2},"end":{"line":25,"column":15}}},"fnMap":{"0":{"name":"venueScheduleReducer","decl":{"start":{"line":7,"column":24},"end":{"line":7,"column":44}},"loc":{"start":{"line":7,"column":71},"end":{"line":26,"column":1}}}},"branchMap":{"0":{"loc":{"start":{"line":7,"column":45},"end":{"line":7,"column":61}},"type":"default-arg","locations":[{"start":{"line":7,"column":53},"end":{"line":7,"column":61}}]},"1":{"loc":{"start":{"line":8,"column":2},"end":{"line":24,"column":3}},"type":"switch","locations":[{"start":{"line":9,"column":4},"end":{"line":11,"column":5}},{"start":{"line":12,"column":4},"end":{"line":14,"column":5}},{"start":{"line":15,"column":4},"end":{"line":17,"column":5}},{"start":{"line":18,"column":4},"end":{"line":20,"column":5}},{"start":{"line":21,"column":4},"end":{"line":23,"column":5}}]}},"s":{"0":4,"1":13,"2":0,"3":0,"4":0,"5":0,"6":0,"7":13},"f":{"0":13},"b":{"0":[12],"1":[0,0,0,0,0]},"_coverageSchema":"332fd63041d2c1bcb487cc26dd0d5f7d97098a6c","hash":"e5280e334a8432bdc43057418084340d760b5e57"}
}
