TN:
SF:/Users/J/Desktop/HR/TotemWebApp/__testConfig__/CSSStub.js
FNF:0
FNH:0
DA:1,1
LF:1
LH:1
BRF:0
BRH:0
end_of_record
TN:
SF:/Users/J/Desktop/HR/TotemWebApp/client/src/components/GroundOverlay.js
FN:29,_interopRequireWildcard
FN:31,_interopRequireDefault
FN:64,getBounds
FN:68,getMap
FN:72,getOpacity
FN:76,getUrl
FN:83,getInstanceFromComponent
FN:102,getInitialState
FN:119,(anonymous_8)
FN:120,(anonymous_9)
FN:124,(anonymous_10)
FN:127,(anonymous_11)
FN:134,componentWillUnmount
FN:140,render
FNF:14
FNH:1
FNDA:0,_interopRequireWildcard
FNDA:6,_interopRequireDefault
FNDA:0,getBounds
FNDA:0,getMap
FNDA:0,getOpacity
FNDA:0,getUrl
FNDA:0,getInstanceFromComponent
FNDA:0,getInitialState
FNDA:0,(anonymous_8)
FNDA:0,(anonymous_9)
FNDA:0,(anonymous_10)
FNDA:0,(anonymous_11)
FNDA:0,componentWillUnmount
FNDA:0,render
DA:3,1
DA:5,1
DA:7,1
DA:9,1
DA:11,1
DA:13,1
DA:15,1
DA:17,1
DA:19,1
DA:21,1
DA:23,1
DA:25,1
DA:27,1
DA:29,0
DA:31,6
DA:34,1
DA:47,1
DA:49,1
DA:56,1
DA:65,0
DA:69,0
DA:73,0
DA:77,0
DA:81,1
DA:84,0
DA:87,1
DA:104,0
DA:108,0
DA:112,0
DA:114,0
DA:115,0
DA:117,0
DA:119,0
DA:120,0
DA:121,0
DA:124,0
DA:125,0
DA:127,0
DA:128,0
DA:132,0
DA:135,0
DA:136,0
DA:137,0
DA:141,0
LF:44
LH:20
BRDA:29,0,0,0
BRDA:29,0,1,0
BRDA:29,1,0,0
BRDA:29,1,1,0
BRDA:29,2,0,0
BRDA:29,2,1,0
BRDA:29,3,0,0
BRDA:29,3,1,0
BRDA:31,4,0,3
BRDA:31,4,1,3
BRDA:31,5,0,6
BRDA:31,5,1,6
BRDA:114,6,0,0
BRDA:114,6,1,0
BRDA:117,7,0,0
BRDA:117,7,1,0
BRDA:136,8,0,0
BRDA:136,8,1,0
BRF:18
BRH:4
end_of_record
TN:
SF:/Users/J/Desktop/HR/TotemWebApp/client/src/components/InitConfig/InviteFriends.jsx
FN:11,(anonymous_0)
FN:15,(anonymous_1)
FN:31,(anonymous_2)
FN:39,(anonymous_3)
FN:64,(anonymous_4)
FNF:5
FNH:1
FNDA:0,(anonymous_0)
FNDA:0,(anonymous_1)
FNDA:0,(anonymous_2)
FNDA:0,(anonymous_3)
FNDA:1,(anonymous_4)
DA:12,0
DA:16,0
DA:17,0
DA:18,0
DA:19,0
DA:20,0
DA:21,0
DA:22,0
DA:24,0
DA:26,0
DA:27,0
DA:32,0
DA:40,0
DA:65,1
LF:14
LH:1
BRF:0
BRH:0
end_of_record
TN:
SF:/Users/J/Desktop/HR/TotemWebApp/client/src/components/MapViewer/MapViewer.jsx
FN:10,(anonymous_0)
FN:14,(anonymous_1)
FN:17,(anonymous_2)
FN:22,(anonymous_3)
FN:52,(anonymous_4)
FN:56,(anonymous_5)
FN:63,(anonymous_6)
FNF:7
FNH:0
FNDA:0,(anonymous_0)
FNDA:0,(anonymous_1)
FNDA:0,(anonymous_2)
FNDA:0,(anonymous_3)
FNDA:0,(anonymous_4)
FNDA:0,(anonymous_5)
FNDA:0,(anonymous_6)
DA:11,0
DA:15,0
DA:16,0
DA:17,0
DA:18,0
DA:23,0
DA:24,0
DA:25,0
DA:39,0
DA:53,0
DA:57,0
DA:58,0
DA:64,0
LF:13
LH:0
BRDA:58,0,0,0
BRDA:58,0,1,0
BRF:2
BRH:0
end_of_record
TN:
SF:/Users/J/Desktop/HR/TotemWebApp/client/src/components/MapViewer/Markers.jsx
FN:8,(anonymous_0)
FN:13,(anonymous_1)
FN:28,(anonymous_2)
FN:46,(anonymous_3)
FNF:4
FNH:0
FNDA:0,(anonymous_0)
FNDA:0,(anonymous_1)
FNDA:0,(anonymous_2)
FNDA:0,(anonymous_3)
DA:9,0
DA:10,0
DA:11,0
DA:14,0
DA:15,0
DA:22,0
DA:28,0
DA:47,0
LF:8
LH:0
BRDA:30,0,0,0
BRDA:30,0,1,0
BRF:2
BRH:0
end_of_record
TN:
SF:/Users/J/Desktop/HR/TotemWebApp/client/src/redux/store.js
FNF:0
FNH:0
DA:7,4
LF:1
LH:1
BRF:0
BRH:0
end_of_record
TN:
SF:/Users/J/Desktop/HR/TotemWebApp/client/src/redux/actions/agendaActions.js
FN:4,removeAgenda
FN:11,addAgenda
FN:18,defaultAgenda
FN:23,(anonymous_3)
FN:29,(anonymous_4)
FNF:5
FNH:0
FNDA:0,removeAgenda
FNDA:0,addAgenda
FNDA:0,defaultAgenda
FNDA:0,(anonymous_3)
FNDA:0,(anonymous_4)
DA:5,0
DA:12,0
DA:19,0
DA:20,0
DA:22,0
DA:23,0
DA:25,0
DA:26,0
DA:27,0
DA:28,0
DA:30,0
LF:11
LH:0
BRF:0
BRH:0
end_of_record
TN:
SF:/Users/J/Desktop/HR/TotemWebApp/client/src/redux/actions/appActions.js
FN:3,openMenu
FN:8,closeMenu
FN:14,toggleDimmer
FN:20,toggleEmergencyFriends
FN:26,toggleEmergencyServices
FN:32,toggleSpeedDial
FNF:6
FNH:0
FNDA:0,openMenu
FNDA:0,closeMenu
FNDA:0,toggleDimmer
FNDA:0,toggleEmergencyFriends
FNDA:0,toggleEmergencyServices
FNDA:0,toggleSpeedDial
DA:4,0
DA:9,0
DA:15,0
DA:21,0
DA:27,0
DA:33,0
LF:6
LH:0
BRF:0
BRH:0
end_of_record
TN:
SF:/Users/J/Desktop/HR/TotemWebApp/client/src/redux/actions/authenticationActions.js
FN:19,signInSuccess
FN:29,signInInProgress
FN:35,signInError
FN:42,getUsers
FN:43,(anonymous_4)
FN:49,getFriends
FN:52,(anonymous_6)
FN:77,(anonymous_7)
FN:82,getUserData
FN:83,(anonymous_9)
FN:92,getVenueNames
FN:93,(anonymous_11)
FN:101,signIn
FN:105,(anonymous_13)
FN:107,(anonymous_14)
FN:125,(anonymous_15)
FNF:16
FNH:0
FNDA:0,signInSuccess
FNDA:0,signInInProgress
FNDA:0,signInError
FNDA:0,getUsers
FNDA:0,(anonymous_4)
FNDA:0,getFriends
FNDA:0,(anonymous_6)
FNDA:0,(anonymous_7)
FNDA:0,getUserData
FNDA:0,(anonymous_9)
FNDA:0,getVenueNames
FNDA:0,(anonymous_11)
FNDA:0,signIn
FNDA:0,(anonymous_13)
FNDA:0,(anonymous_14)
FNDA:0,(anonymous_15)
DA:11,3
DA:13,3
DA:15,3
DA:20,0
DA:30,0
DA:36,0
DA:43,0
DA:44,0
DA:45,0
DA:50,0
DA:52,0
DA:53,0
DA:54,0
DA:55,0
DA:56,0
DA:58,0
DA:59,0
DA:60,0
DA:62,0
DA:63,0
DA:67,0
DA:68,0
DA:69,0
DA:70,0
DA:75,0
DA:76,0
DA:78,0
DA:83,0
DA:84,0
DA:85,0
DA:86,0
DA:88,0
DA:93,0
DA:94,0
DA:95,0
DA:96,0
DA:102,0
DA:103,0
DA:105,0
DA:106,0
DA:108,0
DA:109,0
DA:110,0
DA:111,0
DA:112,0
DA:121,0
DA:122,0
DA:125,0
LF:48
LH:3
BRDA:69,0,0,0
BRDA:69,0,1,0
BRDA:85,1,0,0
BRDA:85,1,1,0
BRDA:95,2,0,0
BRDA:95,2,1,0
BRF:6
BRH:0
end_of_record
TN:
SF:/Users/J/Desktop/HR/TotemWebApp/client/src/redux/actions/chatActions.js
FN:4,setDefaultChat
FN:10,(anonymous_1)
FN:18,(anonymous_2)
FNF:3
FNH:0
FNDA:0,setDefaultChat
FNDA:0,(anonymous_1)
FNDA:0,(anonymous_2)
DA:6,0
DA:7,0
DA:9,0
DA:10,0
DA:11,0
DA:13,0
DA:14,0
DA:19,0
LF:8
LH:0
BRF:0
BRH:0
end_of_record
TN:
SF:/Users/J/Desktop/HR/TotemWebApp/client/src/redux/actions/firebaseActions.js
FN:4,firebaseOn
FN:6,(anonymous_1)
FN:11,firebaseOnce
FN:15,(anonymous_3)
FN:20,firebaseSet
FN:24,firebaseUpdate
FN:28,firebaseKeyGen
FNF:7
FNH:0
FNDA:0,firebaseOn
FNDA:0,(anonymous_1)
FNDA:0,firebaseOnce
FNDA:0,(anonymous_3)
FNDA:0,firebaseSet
FNDA:0,firebaseUpdate
FNDA:0,firebaseKeyGen
DA:5,0
DA:6,0
DA:7,0
DA:12,0
DA:13,0
DA:15,0
DA:16,0
DA:21,0
DA:25,0
DA:29,0
LF:10
LH:0
BRF:0
BRH:0
end_of_record
TN:
SF:/Users/J/Desktop/HR/TotemWebApp/client/src/redux/actions/groupActions.js
FN:6,updateGroup
FN:25,updateGroupName
FN:32,updateVenueId
FN:39,updateGroupKeys
FN:46,updateGroupMember
FN:53,showGroupMemberInfo
FNF:6
FNH:0
FNDA:0,updateGroup
FNDA:0,updateGroupName
FNDA:0,updateVenueId
FNDA:0,updateGroupKeys
FNDA:0,updateGroupMember
FNDA:0,showGroupMemberInfo
DA:7,0
DA:12,0
DA:13,0
DA:16,0
DA:17,0
DA:21,0
DA:26,0
DA:33,0
DA:40,0
DA:47,0
DA:54,0
LF:11
LH:0
BRDA:16,0,0,0
BRDA:16,0,1,0
BRF:2
BRH:0
end_of_record
TN:
SF:/Users/J/Desktop/HR/TotemWebApp/client/src/redux/actions/index.js
FNF:0
FNH:0
LF:0
LH:0
BRF:0
BRH:0
end_of_record
TN:
SF:/Users/J/Desktop/HR/TotemWebApp/client/src/redux/actions/locationActions.js
FN:7,addUserListener
FN:8,(anonymous_1)
FN:14,geolocate
FN:15,success
FN:36,error
FN:49,getGeofence
FN:65,getDegrees
FNF:7
FNH:0
FNDA:0,addUserListener
FNDA:0,(anonymous_1)
FNDA:0,geolocate
FNDA:0,success
FNDA:0,error
FNDA:0,getGeofence
FNDA:0,getDegrees
DA:8,0
DA:9,0
DA:16,0
DA:17,0
DA:18,0
DA:19,0
DA:23,0
DA:24,0
DA:29,0
DA:37,0
DA:40,0
DA:46,0
DA:50,0
DA:52,0
DA:53,0
DA:54,0
DA:55,0
DA:56,0
DA:58,0
DA:59,0
DA:62,0
DA:66,0
LF:22
LH:0
BRDA:18,0,0,0
BRDA:18,0,1,0
BRDA:23,1,0,0
BRDA:23,1,1,0
BRDA:58,2,0,0
BRDA:58,2,1,0
BRDA:58,3,0,0
BRDA:58,3,1,0
BRF:8
BRH:0
end_of_record
TN:
SF:/Users/J/Desktop/HR/TotemWebApp/client/src/redux/actions/sortActions.js
FN:4,sortUsers
FN:12,sortAZ
FN:18,sortGeofence
FN:27,sortProximity
FN:38,getDistance
FNF:5
FNH:0
FNDA:0,sortUsers
FNDA:0,sortAZ
FNDA:0,sortGeofence
FNDA:0,sortProximity
FNDA:0,getDistance
DA:5,0
DA:11,2
DA:13,0
DA:14,0
DA:15,0
DA:19,0
DA:20,0
DA:22,0
DA:23,0
DA:24,0
DA:28,0
DA:29,0
DA:30,0
DA:31,0
DA:32,0
DA:34,0
DA:39,0
LF:17
LH:1
BRDA:13,0,0,0
BRDA:13,0,1,0
BRDA:14,1,0,0
BRDA:14,1,1,0
BRDA:22,2,0,0
BRDA:22,2,1,0
BRDA:23,3,0,0
BRDA:23,3,1,0
BRF:8
BRH:0
end_of_record
TN:
SF:/Users/J/Desktop/HR/TotemWebApp/client/src/redux/actions/userActions.js
FN:5,updateUserData
FN:12,updateUserGroupID
FN:21,initialUserData
FNF:3
FNH:1
FNDA:1,updateUserData
FNDA:0,updateUserGroupID
FNDA:0,initialUserData
DA:6,1
DA:13,0
DA:18,0
DA:22,0
LF:4
LH:1
BRF:0
BRH:0
end_of_record
TN:
SF:/Users/J/Desktop/HR/TotemWebApp/client/src/redux/actions/venueActions.js
FN:3,updateVenue
FN:12,updateVenueNames
FNF:2
FNH:0
FNDA:0,updateVenue
FNDA:0,updateVenueNames
DA:4,0
DA:9,0
DA:13,0
LF:3
LH:0
BRF:0
BRH:0
end_of_record
TN:
SF:/Users/J/Desktop/HR/TotemWebApp/client/src/redux/actions/venueScheduleActions.js
FN:3,updateDay
FN:10,updateStage
FN:17,getStagesAndDays
FN:30,getArtist
FN:41,generateDay
FNF:5
FNH:0
FNDA:0,updateDay
FNDA:0,updateStage
FNDA:0,getStagesAndDays
FNDA:0,getArtist
FNDA:0,generateDay
DA:4,0
DA:11,0
DA:18,0
DA:19,0
DA:21,0
DA:22,0
DA:23,0
DA:24,0
DA:27,0
DA:31,0
DA:32,0
DA:33,0
DA:34,0
DA:35,0
DA:38,0
DA:42,0
DA:43,0
DA:45,0
DA:46,0
DA:47,0
DA:48,0
DA:49,0
DA:50,0
DA:51,0
DA:53,0
LF:25
LH:0
BRDA:34,0,0,0
BRDA:34,0,1,0
BRDA:34,1,0,0
BRDA:34,1,1,0
BRF:4
BRH:0
end_of_record
TN:
SF:/Users/J/Desktop/HR/TotemWebApp/client/src/redux/reducers/appReducer.js
FN:19,appReducer
FNF:1
FNH:1
FNDA:20,appReducer
DA:1,5
DA:20,20
DA:22,1
DA:25,1
DA:28,2
DA:29,1
DA:32,2
DA:33,1
DA:36,14
LF:9
LH:9
BRDA:19,0,0,17
BRDA:20,1,0,1
BRDA:20,1,1,1
BRDA:20,1,2,2
BRDA:20,1,3,2
BRDA:28,2,0,1
BRDA:28,2,1,1
BRDA:32,3,0,1
BRDA:32,3,1,1
BRF:9
BRH:9
end_of_record
TN:
SF:/Users/J/Desktop/HR/TotemWebApp/client/src/redux/reducers/authenticationReducer.js
FN:8,auth
FNF:1
FNH:1
FNDA:13,auth
DA:1,4
DA:9,13
DA:11,0
DA:17,0
DA:22,0
DA:23,0
DA:29,13
LF:7
LH:3
BRDA:8,0,0,12
BRDA:9,1,0,0
BRDA:9,1,1,0
BRDA:9,1,2,0
BRDA:9,1,3,13
BRF:5
BRH:2
end_of_record
TN:
SF:/Users/J/Desktop/HR/TotemWebApp/client/src/redux/reducers/chatReducer.js
FN:6,chatReducer
FNF:1
FNH:1
FNDA:13,chatReducer
DA:1,4
DA:7,13
DA:9,0
DA:15,13
LF:4
LH:3
BRDA:6,0,0,12
BRDA:7,1,0,0
BRF:2
BRH:1
end_of_record
TN:
SF:/Users/J/Desktop/HR/TotemWebApp/client/src/redux/reducers/groupReducer.js
FN:8,groupReducer
FN:56,objToArray
FN:65,arrToObj
FNF:3
FNH:3
FNDA:16,groupReducer
FNDA:1,objToArray
FNDA:1,arrToObj
DA:1,4
DA:9,16
DA:11,1
DA:12,1
DA:13,1
DA:19,1
DA:20,1
DA:23,1
DA:24,1
DA:25,1
DA:28,0
DA:31,0
DA:32,0
DA:38,0
DA:41,0
DA:44,0
DA:47,0
DA:50,0
DA:53,14
DA:57,1
DA:58,1
DA:59,0
DA:60,0
DA:62,1
DA:66,1
DA:67,1
DA:68,0
DA:70,1
LF:28
LH:17
BRDA:8,0,0,14
BRDA:9,1,0,1
BRDA:9,1,1,1
BRDA:9,1,2,0
BRDA:9,1,3,0
BRDA:9,1,4,0
BRDA:9,1,5,0
BRDA:9,1,6,0
BRDA:38,2,0,0
BRDA:38,2,1,0
BRF:10
BRH:3
end_of_record
TN:
SF:/Users/J/Desktop/HR/TotemWebApp/client/src/redux/reducers/index.js
FNF:0
FNH:0
LF:0
LH:0
BRF:0
BRH:0
end_of_record
TN:
SF:/Users/J/Desktop/HR/TotemWebApp/client/src/redux/reducers/mock_fb_friend_list.js
FNF:0
FNH:0
DA:1,4
LF:1
LH:1
BRF:0
BRH:0
end_of_record
TN:
SF:/Users/J/Desktop/HR/TotemWebApp/client/src/redux/reducers/userReducer.js
FN:13,userReducer
FNF:1
FNH:1
FNDA:13,userReducer
DA:1,4
DA:3,4
DA:14,13
DA:16,0
DA:23,0
DA:26,0
DA:29,0
DA:32,0
DA:35,0
DA:36,0
DA:37,0
DA:39,0
DA:40,0
DA:42,0
DA:45,13
LF:15
LH:4
BRDA:13,0,0,12
BRDA:14,1,0,0
BRDA:14,1,1,0
BRDA:14,1,2,0
BRDA:14,1,3,0
BRDA:14,1,4,0
BRDA:14,1,5,0
BRDA:36,2,0,0
BRDA:36,2,1,0
BRDA:39,3,0,0
BRDA:39,3,1,0
BRF:11
BRH:1
end_of_record
TN:
SF:/Users/J/Desktop/HR/TotemWebApp/client/src/redux/reducers/venueReducer.js
FN:7,configReducer
FNF:1
FNH:1
FNDA:13,configReducer
DA:1,4
DA:8,13
DA:10,0
DA:17,0
DA:24,13
LF:5
LH:3
BRDA:7,0,0,12
BRDA:8,1,0,0
BRDA:8,1,1,0
BRF:3
BRH:1
end_of_record
TN:
SF:/Users/J/Desktop/HR/TotemWebApp/client/src/redux/reducers/venueScheduleReducer.js
FN:7,venueScheduleReducer
FNF:1
FNH:1
FNDA:13,venueScheduleReducer
DA:1,4
DA:8,13
DA:10,0
DA:13,0
DA:16,0
DA:19,0
DA:22,0
DA:25,13
LF:8
LH:3
BRDA:7,0,0,12
BRDA:8,1,0,0
BRDA:8,1,1,0
BRDA:8,1,2,0
BRDA:8,1,3,0
BRDA:8,1,4,0
BRF:6
BRH:1
end_of_record
