TN:
SF:/Users/J/Desktop/HR/TotemWebApp/client/src/redux/store.js
FNF:0
FNH:0
DA:7,2
LF:1
LH:1
BRF:0
BRH:0
end_of_record
TN:
SF:/Users/J/Desktop/HR/TotemWebApp/client/src/redux/actions/authenticationActions.js
FN:16,signInSuccess
FN:26,signInInProgress
FN:32,signInError
FN:39,getUsers
FN:40,(anonymous_4)
FN:46,getFriends
FN:49,(anonymous_6)
FN:74,(anonymous_7)
FN:79,getUserData
FN:80,(anonymous_9)
FN:89,getPendingInvites
FN:90,(anonymous_11)
FN:100,signIn
FN:104,(anonymous_13)
FN:106,(anonymous_14)
FN:125,(anonymous_15)
FNF:16
FNH:0
FNDA:0,signInSuccess
FNDA:0,signInInProgress
FNDA:0,signInError
FNDA:0,getUsers
FNDA:0,(anonymous_4)
FNDA:0,getFriends
FNDA:0,(anonymous_6)
FNDA:0,(anonymous_7)
FNDA:0,getUserData
FNDA:0,(anonymous_9)
FNDA:0,getPendingInvites
FNDA:0,(anonymous_11)
FNDA:0,signIn
FNDA:0,(anonymous_13)
FNDA:0,(anonymous_14)
FNDA:0,(anonymous_15)
DA:8,1
DA:10,1
DA:12,1
DA:17,0
DA:27,0
DA:33,0
DA:40,0
DA:41,0
DA:42,0
DA:47,0
DA:49,0
DA:50,0
DA:51,0
DA:52,0
DA:53,0
DA:55,0
DA:56,0
DA:57,0
DA:59,0
DA:60,0
DA:64,0
DA:65,0
DA:66,0
DA:67,0
DA:72,0
DA:73,0
DA:75,0
DA:80,0
DA:81,0
DA:82,0
DA:83,0
DA:85,0
DA:90,0
DA:91,0
DA:92,0
DA:96,0
DA:101,0
DA:102,0
DA:104,0
DA:105,0
DA:107,0
DA:108,0
DA:109,0
DA:110,0
DA:111,0
DA:120,0
DA:121,0
DA:126,0
LF:48
LH:3
BRDA:66,0,0,0
BRDA:66,0,1,0
BRDA:82,1,0,0
BRDA:82,1,1,0
BRF:4
BRH:0
end_of_record
TN:
SF:/Users/J/Desktop/HR/TotemWebApp/client/src/redux/actions/firebaseActions.js
FN:4,firebaseOn
FN:6,(anonymous_1)
FN:11,firebaseOnce
FN:15,(anonymous_3)
FN:20,firebaseSet
FN:24,firebaseUpdate
FN:28,firebaseKeyGen
FNF:7
FNH:0
FNDA:0,firebaseOn
FNDA:0,(anonymous_1)
FNDA:0,firebaseOnce
FNDA:0,(anonymous_3)
FNDA:0,firebaseSet
FNDA:0,firebaseUpdate
FNDA:0,firebaseKeyGen
DA:5,0
DA:6,0
DA:7,0
DA:12,0
DA:13,0
DA:15,0
DA:16,0
DA:21,0
DA:25,0
DA:29,0
LF:10
LH:0
BRF:0
BRH:0
end_of_record
TN:
SF:/Users/J/Desktop/HR/TotemWebApp/client/src/redux/actions/groupActions.js
FN:6,updateGroup
FN:21,updateGroupName
FN:28,updateVenueId
FN:35,updateGroupKeys
FN:42,updateGroupMember
FNF:5
FNH:0
FNDA:0,updateGroup
FNDA:0,updateGroupName
FNDA:0,updateVenueId
FNDA:0,updateGroupKeys
FNDA:0,updateGroupMember
DA:7,0
DA:12,0
DA:13,0
DA:16,0
DA:17,0
DA:22,0
DA:29,0
DA:36,0
DA:43,0
LF:9
LH:0
BRDA:16,0,0,0
BRDA:16,0,1,0
BRF:2
BRH:0
end_of_record
TN:
SF:/Users/J/Desktop/HR/TotemWebApp/client/src/redux/actions/locationActions.js
FN:7,addUserListener
FN:8,(anonymous_1)
FN:14,geolocate
FN:15,success
FN:36,error
FN:48,getGeofence
FN:64,getDegrees
FNF:7
FNH:0
FNDA:0,addUserListener
FNDA:0,(anonymous_1)
FNDA:0,geolocate
FNDA:0,success
FNDA:0,error
FNDA:0,getGeofence
FNDA:0,getDegrees
DA:8,0
DA:9,0
DA:16,0
DA:17,0
DA:18,0
DA:19,0
DA:23,0
DA:24,0
DA:29,0
DA:37,0
DA:40,0
DA:45,0
DA:49,0
DA:51,0
DA:52,0
DA:53,0
DA:54,0
DA:55,0
DA:57,0
DA:58,0
DA:61,0
DA:65,0
LF:22
LH:0
BRDA:18,0,0,0
BRDA:18,0,1,0
BRDA:23,1,0,0
BRDA:23,1,1,0
BRDA:57,2,0,0
BRDA:57,2,1,0
BRDA:57,3,0,0
BRDA:57,3,1,0
BRF:8
BRH:0
end_of_record
TN:
SF:/Users/J/Desktop/HR/TotemWebApp/client/src/redux/actions/userActions.js
FN:5,updateUserData
FN:12,updateUserGroupID
FN:21,userResign
FNF:3
FNH:0
FNDA:0,updateUserData
FNDA:0,updateUserGroupID
FNDA:0,userResign
DA:6,0
DA:13,0
DA:18,0
DA:22,0
LF:4
LH:0
BRF:0
BRH:0
end_of_record
TN:
SF:/Users/J/Desktop/HR/TotemWebApp/client/src/redux/actions/venueActions.js
FN:3,updateVenue
FNF:1
FNH:0
FNDA:0,updateVenue
DA:4,0
LF:1
LH:0
BRF:0
BRH:0
end_of_record
TN:
SF:/Users/J/Desktop/HR/TotemWebApp/client/src/redux/reducers/appReducer.js
FN:19,appReducer
FNF:1
FNH:1
FNDA:6,appReducer
DA:1,2
DA:20,6
DA:22,0
DA:25,0
DA:28,0
DA:29,0
DA:32,0
DA:33,0
DA:36,0
DA:37,0
DA:40,0
DA:41,0
DA:44,6
LF:13
LH:3
BRDA:19,0,0,6
BRDA:20,1,0,0
BRDA:20,1,1,0
BRDA:20,1,2,0
BRDA:20,1,3,0
BRDA:20,1,4,0
BRDA:20,1,5,0
BRDA:28,2,0,0
BRDA:28,2,1,0
BRDA:32,3,0,0
BRDA:32,3,1,0
BRDA:36,4,0,0
BRDA:36,4,1,0
BRDA:40,5,0,0
BRDA:40,5,1,0
BRF:15
BRH:1
end_of_record
TN:
SF:/Users/J/Desktop/HR/TotemWebApp/client/src/redux/reducers/authenticationReducer.js
FN:8,auth
FNF:1
FNH:1
FNDA:11,auth
DA:1,2
DA:9,11
DA:11,2
DA:17,1
DA:22,1
DA:23,1
DA:29,7
LF:7
LH:7
BRDA:8,0,0,11
BRDA:9,1,0,2
BRDA:9,1,1,1
BRDA:9,1,2,1
BRDA:9,1,3,7
BRF:5
BRH:5
end_of_record
TN:
SF:/Users/J/Desktop/HR/TotemWebApp/client/src/redux/reducers/chatReducer.js
FN:6,chatReducer
FNF:1
FNH:1
FNDA:6,chatReducer
DA:1,2
DA:7,6
DA:9,0
DA:15,6
LF:4
LH:3
BRDA:6,0,0,6
BRDA:7,1,0,0
BRF:2
BRH:1
end_of_record
TN:
SF:/Users/J/Desktop/HR/TotemWebApp/client/src/redux/reducers/groupReducer.js
FN:8,groupReducer
FN:55,objToArray
FN:64,arrToObj
FNF:3
FNH:3
FNDA:9,groupReducer
FNDA:1,objToArray
FNDA:1,arrToObj
DA:1,2
DA:9,9
DA:11,1
DA:12,1
DA:13,1
DA:19,1
DA:20,1
DA:23,1
DA:24,1
DA:25,1
DA:26,1
DA:29,0
DA:32,0
DA:33,0
DA:39,0
DA:40,0
DA:43,0
DA:46,0
DA:49,0
DA:52,7
DA:56,1
DA:57,1
DA:58,2
DA:59,2
DA:61,1
DA:65,1
DA:66,1
DA:67,2
DA:69,1
LF:29
LH:21
BRDA:8,0,0,8
BRDA:9,1,0,1
BRDA:9,1,1,1
BRDA:9,1,2,0
BRDA:9,1,3,0
BRDA:9,1,4,0
BRDA:9,1,5,0
BRDA:9,1,6,0
BRDA:39,2,0,0
BRDA:39,2,1,0
BRF:10
BRH:3
end_of_record
TN:
SF:/Users/J/Desktop/HR/TotemWebApp/client/src/redux/reducers/index.js
FNF:0
FNH:0
LF:0
LH:0
BRF:0
BRH:0
end_of_record
TN:
SF:/Users/J/Desktop/HR/TotemWebApp/client/src/redux/reducers/mock_fb_friend_list.js
FNF:0
FNH:0
DA:1,2
LF:1
LH:1
BRF:0
BRH:0
end_of_record
TN:
SF:/Users/J/Desktop/HR/TotemWebApp/client/src/redux/reducers/mock_venue_data.js
FNF:0
FNH:0
DA:1044,2
LF:1
LH:1
BRF:0
BRH:0
end_of_record
TN:
SF:/Users/J/Desktop/HR/TotemWebApp/client/src/redux/reducers/userReducer.js
FN:14,userReducer
FNF:1
FNH:1
FNDA:6,userReducer
DA:1,2
DA:3,2
DA:15,6
DA:17,0
DA:24,0
DA:27,0
DA:30,0
DA:33,0
DA:36,0
DA:39,0
DA:40,0
DA:41,0
DA:43,0
DA:44,0
DA:46,0
DA:49,6
LF:16
LH:4
BRDA:14,0,0,6
BRDA:15,1,0,0
BRDA:15,1,1,0
BRDA:15,1,2,0
BRDA:15,1,3,0
BRDA:15,1,4,0
BRDA:15,1,5,0
BRDA:15,1,6,0
BRDA:40,2,0,0
BRDA:40,2,1,0
BRDA:43,3,0,0
BRDA:43,3,1,0
BRF:12
BRH:1
end_of_record
TN:
SF:/Users/J/Desktop/HR/TotemWebApp/client/src/redux/reducers/venueReducer.js
FN:9,configReducer
FNF:1
FNH:1
FNDA:6,configReducer
DA:1,2
DA:3,2
DA:10,6
DA:12,0
DA:19,6
LF:5
LH:4
BRDA:9,0,0,6
BRDA:10,1,0,0
BRF:2
BRH:1
end_of_record
TN:
SF:/Users/J/Desktop/HR/TotemWebApp/client/src/redux/reducers/venueScheduleReducer.js
FN:7,venueScheduleReducer
FNF:1
FNH:1
FNDA:6,venueScheduleReducer
DA:1,2
DA:8,6
DA:10,0
DA:13,0
DA:16,0
DA:19,0
DA:22,0
DA:25,6
LF:8
LH:3
BRDA:7,0,0,6
BRDA:8,1,0,0
BRDA:8,1,1,0
BRDA:8,1,2,0
BRDA:8,1,3,0
BRDA:8,1,4,0
BRF:6
BRH:1
end_of_record
